<?xml version="1.0" encoding="utf-8"?><testsuites><testsuite name="pytest" errors="0" failures="0" skipped="0" tests="659" time="98.276" timestamp="2026-09-14T19:10:39.374810" hostname="AspireFlight-X50H"><testcase classname="test.test_release_only_clearance_timing" name="test_flag_rejects_non_boolean[None]" time="0.001" /><testcase classname="test.test_release_only_clearance_timing" name="test_flag_rejects_non_boolean[0]" time="0.000" /><testcase classname="test.test_release_only_clearance_timing" name="test_flag_rejects_non_boolean[1]" time="0.000" /><testcase classname="test.test_release_only_clearance_timing" name="test_flag_rejects_non_boolean[true]" time="0.000" /><testcase classname="test.test_release_only_clearance_timing" name="test_flag_rejects_non_boolean[0.0]" time="0.000" /><testcase classname="test.test_release_only_clearance_timing" name="test_flag_rejects_non_boolean[value5]" time="0.000" /><testcase classname="test.test_release_only_clearance_timing" name="test_flag_rejects_non_boolean[value6]" time="0.000" /><testcase classname="test.test_release_only_clearance_timing" name="test_default_absent_or_false_never_reads_context[False]" time="0.000" /><testcase classname="test.test_release_only_clearance_timing" name="test_default_absent_or_false_never_reads_context[True]" time="0.000" /><testcase classname="test.test_release_only_clearance_timing" name="test_selected_option_requires_original_typed_capabilities[endpoint]" time="0.001" /><testcase classname="test.test_release_only_clearance_timing" name="test_selected_option_requires_original_typed_capabilities[request]" time="0.001" /><testcase classname="test.test_release_only_clearance_timing" name="test_selected_option_requires_original_typed_capabilities[qualification]" time="0.001" /><testcase classname="test.test_release_only_clearance_timing" name="test_selected_option_requires_original_typed_capabilities[other_node]" time="0.001" /><testcase classname="test.test_release_only_clearance_timing" name="test_selected_option_requires_original_typed_capabilities[scale]" time="0.001" /><testcase classname="test.test_release_only_clearance_timing" name="test_selected_option_requires_original_typed_capabilities[bool_scale]" time="0.001" /><testcase classname="test.test_release_only_clearance_timing" name="test_selected_option_requires_original_typed_capabilities[endpoint_goal]" time="0.001" /><testcase classname="test.test_release_only_clearance_timing" name="test_selected_option_requires_original_typed_capabilities[route]" time="0.001" /><testcase classname="test.test_release_only_clearance_timing" name="test_selected_option_requires_original_typed_capabilities[already_qualified]" time="0.001" /><testcase classname="test.test_release_only_clearance_timing" name="test_route_restriction_retains_exact_original_segment_structure[duration]" time="0.000" /><testcase classname="test.test_release_only_clearance_timing" name="test_route_restriction_retains_exact_original_segment_structure[bool_duration]" time="0.000" /><testcase classname="test.test_release_only_clearance_timing" name="test_route_restriction_retains_exact_original_segment_structure[nan]" time="0.000" /><testcase classname="test.test_release_only_clearance_timing" name="test_route_restriction_retains_exact_original_segment_structure[short_q]" time="0.000" /><testcase classname="test.test_release_only_clearance_timing" name="test_route_restriction_retains_exact_original_segment_structure[one_transition]" time="0.000" /><testcase classname="test.test_release_only_clearance_timing" name="test_route_restriction_retains_exact_original_segment_structure[two_connectors]" time="0.000" /><testcase classname="test.test_release_only_clearance_timing" name="test_route_restriction_retains_exact_original_segment_structure[no_approach]" time="0.000" /><testcase classname="test.test_release_only_clearance_timing" name="test_route_restriction_retains_exact_original_segment_structure[wrong_phase]" time="0.000" /><testcase classname="test.test_release_only_clearance_timing" name="test_context_invalidation_before_connector_cannot_create_owner[cancel]" time="0.001" /><testcase classname="test.test_release_only_clearance_timing" name="test_context_invalidation_before_connector_cannot_create_owner[active]" time="0.001" /><testcase classname="test.test_release_only_clearance_timing" name="test_context_invalidation_before_connector_cannot_create_owner[pending]" time="0.001" /><testcase classname="test.test_release_only_clearance_timing" name="test_context_invalidation_before_connector_cannot_create_owner[old_clearance]" time="0.001" /><testcase classname="test.test_release_only_clearance_timing" name="test_context_invalidation_before_connector_cannot_create_owner[release_owner]" time="0.001" /><testcase classname="test.test_release_only_clearance_timing" name="test_context_invalidation_before_connector_cannot_create_owner[serial_owner]" time="0.001" /><testcase classname="test.test_release_only_clearance_timing" name="test_context_invalidation_before_connector_cannot_create_owner[retention_owner]" time="0.001" /><testcase classname="test.test_release_only_clearance_timing" name="test_context_invalidation_before_connector_cannot_create_owner[monitor]" time="0.001" /><testcase classname="test.test_release_only_clearance_timing" name="test_context_invalidation_before_connector_cannot_create_owner[open]" time="0.001" /><testcase classname="test.test_release_only_clearance_timing" name="test_context_invalidation_before_connector_cannot_create_owner[cap]" time="0.001" /><testcase classname="test.test_release_only_clearance_timing" name="test_context_invalidation_before_connector_cannot_create_owner[additional]" time="0.001" /><testcase classname="test.test_release_only_clearance_timing" name="test_context_invalidation_before_connector_cannot_create_owner[stop_flag]" time="0.001" /><testcase classname="test.test_release_only_clearance_timing" name="test_context_invalidation_before_connector_cannot_create_owner[new_flag]" time="0.001" /><testcase classname="test.test_release_only_clearance_timing" name="test_context_invalidation_before_connector_cannot_create_owner[payload_fault]" time="0.001" /><testcase classname="test.test_release_only_clearance_timing" name="test_context_invalidation_before_connector_cannot_create_owner[raw_fault]" time="0.001" /><testcase classname="test.test_release_only_clearance_timing" name="test_context_invalidation_before_connector_cannot_create_owner[scene_identity]" time="0.001" /><testcase classname="test.test_release_only_clearance_timing" name="test_context_invalidation_before_connector_cannot_create_owner[scene_value]" time="0.001" /><testcase classname="test.test_release_only_clearance_timing" name="test_context_invalidation_before_connector_cannot_create_owner[guard_fault]" time="0.001" /><testcase classname="test.test_release_only_clearance_timing" name="test_completed_transition_must_remain_closed_before_connector[unqualified]" time="0.001" /><testcase classname="test.test_release_only_clearance_timing" name="test_completed_transition_must_remain_closed_before_connector[unpublished]" time="0.001" /><testcase classname="test.test_release_only_clearance_timing" name="test_completed_transition_must_remain_closed_before_connector[active]" time="0.001" /><testcase classname="test.test_release_only_clearance_timing" name="test_completed_transition_must_remain_closed_before_connector[owner]" time="0.001" /><testcase classname="test.test_release_only_clearance_timing" name="test_completed_transition_must_remain_closed_before_connector[measurement]" time="0.001" /><testcase classname="test.test_release_only_clearance_timing" name="test_completed_transition_must_remain_closed_before_connector[epoch]" time="0.001" /><testcase classname="test.test_release_only_clearance_timing" name="test_completed_transition_must_remain_closed_before_connector[reference]" time="0.001" /><testcase classname="test.test_release_only_clearance_timing" name="test_admission_requires_every_prefix_retention_and_is_single_use" time="0.001" /><testcase classname="test.test_release_only_clearance_timing" name="test_execution_options_cannot_overlap_other_timing_owners[arm_speed_scale-1.5]" time="0.001" /><testcase classname="test.test_release_only_clearance_timing" name="test_execution_options_cannot_overlap_other_timing_owners[leg_offset-1]" time="0.001" /><testcase classname="test.test_release_only_clearance_timing" name="test_execution_options_cannot_overlap_other_timing_owners[fresh_retention_phases-value2]" time="0.001" /><testcase classname="test.test_release_only_clearance_timing" name="test_execution_options_cannot_overlap_other_timing_owners[initial_pressure_gate-owned]" time="0.001" /><testcase classname="test.test_release_only_clearance_timing" name="test_execution_options_cannot_overlap_other_timing_owners[clearance_timing-old]" time="0.001" /><testcase classname="test.test_release_only_clearance_timing" name="test_execution_options_cannot_overlap_other_timing_owners[withdrawal_timing-owned]" time="0.001" /><testcase classname="test.test_release_only_clearance_timing" name="test_execution_options_cannot_overlap_other_timing_owners[withdrawal_speed_scale-2.0]" time="0.001" /><testcase classname="test.test_release_only_clearance_timing" name="test_serialized_final_time_exact_boundaries[349999999-False]" time="0.001" /><testcase classname="test.test_release_only_clearance_timing" name="test_serialized_final_time_exact_boundaries[350000000-True]" time="0.001" /><testcase classname="test.test_release_only_clearance_timing" name="test_serialized_final_time_exact_boundaries[350000001-True]" time="0.001" /><testcase classname="test.test_release_only_clearance_timing" name="test_serialized_final_time_exact_boundaries[700000000-True]" time="0.001" /><testcase classname="test.test_release_only_clearance_timing" name="test_serialized_final_time_exact_boundaries[700000001-False]" time="0.001" /><testcase classname="test.test_release_only_clearance_timing" name="test_publication_scope_rejects_before_registration[owner]" time="0.001" /><testcase classname="test.test_release_only_clearance_timing" name="test_publication_scope_rejects_before_registration[closed]" time="0.001" /><testcase classname="test.test_release_only_clearance_timing" name="test_publication_scope_rejects_before_registration[repeated]" time="0.001" /><testcase classname="test.test_release_only_clearance_timing" name="test_publication_scope_rejects_before_registration[target]" time="0.001" /><testcase classname="test.test_release_only_clearance_timing" name="test_publication_scope_rejects_before_registration[joint_order]" time="0.001" /><testcase classname="test.test_release_only_clearance_timing" name="test_publication_scope_rejects_before_registration[point_count]" time="0.001" /><testcase classname="test.test_release_only_clearance_timing" name="test_publication_scope_rejects_before_registration[bool_sec]" time="0.001" /><testcase classname="test.test_release_only_clearance_timing" name="test_publication_scope_rejects_before_registration[bad_nsec]" time="0.001" /><testcase classname="test.test_release_only_clearance_timing" name="test_actual_sender_has_two_locked_velocity_gates_and_original_watchdog" time="0.124" /><testcase classname="test.test_release_only_clearance_timing" name="test_actual_sender_extends_retiming_for_fresh_eighty_percent_headroom" time="0.107" /><testcase classname="test.test_release_only_clearance_timing" name="test_locked_rejection_never_registers_unknown_action[stale-1]" time="0.092" /><testcase classname="test.test_release_only_clearance_timing" name="test_locked_rejection_never_registers_unknown_action[stale-2]" time="0.069" /><testcase classname="test.test_release_only_clearance_timing" name="test_locked_rejection_never_registers_unknown_action[slope-1]" time="0.091" /><testcase classname="test.test_release_only_clearance_timing" name="test_locked_rejection_never_registers_unknown_action[slope-2]" time="0.094" /><testcase classname="test.test_release_only_clearance_timing" name="test_locked_rejection_never_registers_unknown_action[cancel-1]" time="0.092" /><testcase classname="test.test_release_only_clearance_timing" name="test_locked_rejection_never_registers_unknown_action[cancel-2]" time="0.094" /><testcase classname="test.test_release_only_clearance_timing" name="test_locked_rejection_never_registers_unknown_action[request-1]" time="0.092" /><testcase classname="test.test_release_only_clearance_timing" name="test_locked_rejection_never_registers_unknown_action[request-2]" time="0.094" /><testcase classname="test.test_release_only_clearance_timing" name="test_connector_close_keeps_original_uncertain_action_ownership[client_exception]" time="0.093" /><testcase classname="test.test_release_only_clearance_timing" name="test_connector_close_keeps_original_uncertain_action_ownership[late_acceptance]" time="0.093" /><testcase classname="test.test_release_only_clearance_timing" name="test_actual_executor_only_shortens_connector_and_keeps_all_retention" time="0.174" /><testcase classname="test.test_release_only_clearance_timing" name="test_failed_prefix_never_admits_connector[failure0]" time="0.179" /><testcase classname="test.test_release_only_clearance_timing" name="test_failed_prefix_never_admits_connector[failure1]" time="0.180" /><testcase classname="test.test_release_only_clearance_timing" name="test_failed_prefix_never_admits_connector[failure2]" time="0.185" /><testcase classname="test.test_release_only_clearance_timing" name="test_failed_prefix_never_admits_connector[failure3]" time="0.191" /><testcase classname="test.test_release_only_clearance_timing" name="test_actual_executor_closes_connector_on_sender_exception" time="0.195" /><testcase classname="test.test_release_only_clearance_timing" name="test_actual_executor_closes_connector_without_forgetting_accepted_handle" time="0.191" /><testcase classname="test.test_release_only_clearance_timing" name="test_endpoint_refusal_raises_before_route_advance_or_any_next_dispatch[miss]" time="0.158" /><testcase classname="test.test_release_only_clearance_timing" name="test_endpoint_refusal_raises_before_route_advance_or_any_next_dispatch[stale]" time="0.170" /><testcase classname="test.test_release_only_clearance_timing" name="test_endpoint_refusal_raises_before_route_advance_or_any_next_dispatch[future]" time="0.172" /><testcase classname="test.test_release_only_clearance_timing" name="test_endpoint_refusal_raises_before_route_advance_or_any_next_dispatch[residual]" time="0.175" /><testcase classname="test.test_release_only_clearance_timing" name="test_endpoint_refusal_raises_before_route_advance_or_any_next_dispatch[cancel]" time="0.178" /><testcase classname="test.test_release_only_clearance_timing" name="test_endpoint_refusal_raises_before_route_advance_or_any_next_dispatch[hazard]" time="0.182" /><testcase classname="test.test_release_only_clearance_timing" name="test_endpoint_refusal_raises_before_route_advance_or_any_next_dispatch[scene]" time="0.186" /><testcase classname="test.test_release_only_clearance_timing" name="test_default_executor_does_not_add_connector_kwargs_or_endpoint_gate" time="0.188" /><testcase classname="test.test_release_only_clearance_timing" name="test_actual_selected_place_passes_capped_stop_and_plan_through_real_executor" time="0.294" /><testcase classname="test.test_release_only_clearance_timing" name="test_exact_failed95_callsite_is_rejected_before_executor_or_any_arm_send" time="0.247" /><testcase classname="test.test_release_only_clearance_timing" name="test_actual_disabled_place_callsite_preserves_prior_loaded_options[False]" time="0.265" /><testcase classname="test.test_release_only_clearance_timing" name="test_actual_disabled_place_callsite_preserves_prior_loaded_options[True]" time="0.266" /><testcase classname="test.test_release_only_clearance_timing" name="test_actual_selected_callsite_preserves_live_admission_refusals[cancel]" time="0.283" /><testcase classname="test.test_release_only_clearance_timing" name="test_actual_selected_callsite_preserves_live_admission_refusals[scene]" time="0.289" /><testcase classname="test.test_release_only_clearance_timing" name="test_actual_selected_callsite_preserves_live_admission_refusals[cap]" time="0.297" /><testcase classname="test.test_release_only_clearance_timing" name="test_actual_selected_callsite_preserves_live_admission_refusals[stop_disabled]" time="0.267" /><testcase classname="test.test_release_only_clearance_timing" name="test_actual_selected_callsite_preserves_live_admission_refusals[raw_fault]" time="0.268" /><testcase classname="test.test_release_only_clearance_timing" name="test_actual_selected_callsite_prefix_failure_never_reaches_connector[failure0]" time="0.269" /><testcase classname="test.test_release_only_clearance_timing" name="test_actual_selected_callsite_prefix_failure_never_reaches_connector[failure1]" time="0.272" /><testcase classname="test.test_bin_clearance_timing" name="test_strict_boolean[0]" time="0.000" /><testcase classname="test.test_bin_clearance_timing" name="test_strict_boolean[1]" time="0.000" /><testcase classname="test.test_bin_clearance_timing" name="test_strict_boolean[None]" time="0.000" /><testcase classname="test.test_bin_clearance_timing" name="test_strict_boolean[false]" time="0.000" /><testcase classname="test.test_bin_clearance_timing" name="test_strict_boolean[true]" time="0.000" /><testcase classname="test.test_bin_clearance_timing" name="test_strict_boolean[value5]" time="0.000" /><testcase classname="test.test_bin_clearance_timing" name="test_strict_boolean[value6]" time="0.000" /><testcase classname="test.test_bin_clearance_timing" name="test_strict_boolean[value7]" time="0.000" /><testcase classname="test.test_bin_clearance_timing" name="test_absent_default_does_not_read_any_motion_context" time="0.000" /><testcase classname="test.test_bin_clearance_timing" name="test_normal_selection_requires_all_existing_registered_evidence_modes[delivery_evidence_enabled]" time="0.182" /><testcase classname="test.test_bin_clearance_timing" name="test_normal_selection_requires_all_existing_registered_evidence_modes[table_scene_required]" time="0.184" /><testcase classname="test.test_bin_clearance_timing" name="test_normal_selection_requires_all_existing_registered_evidence_modes[bin_scene_required]" time="0.192" /><testcase classname="test.test_bin_clearance_timing" name="test_normal_selection_refuses_uncorrelated_or_unloaded_scope[direct]" time="0.196" /><testcase classname="test.test_bin_clearance_timing" name="test_normal_selection_refuses_uncorrelated_or_unloaded_scope[scene]" time="0.147" /><testcase classname="test.test_bin_clearance_timing" name="test_normal_selection_refuses_uncorrelated_or_unloaded_scope[identity]" time="0.175" /><testcase classname="test.test_bin_clearance_timing" name="test_normal_selection_refuses_uncorrelated_or_unloaded_scope[guard]" time="0.176" /><testcase classname="test.test_bin_clearance_timing" name="test_normal_selection_refuses_uncorrelated_or_unloaded_scope[released]" time="0.178" /><testcase classname="test.test_bin_clearance_timing" name="test_normal_selection_refuses_uncorrelated_or_unloaded_scope[target]" time="0.178" /><testcase classname="test.test_bin_clearance_timing" name="test_normal_route_order_and_original_durations_are_bound[duplicate]" time="0.180" /><testcase classname="test.test_bin_clearance_timing" name="test_normal_route_order_and_original_durations_are_bound[duration]" time="0.185" /><testcase classname="test.test_bin_clearance_timing" name="test_normal_route_order_and_original_durations_are_bound[phase]" time="0.192" /><testcase classname="test.test_bin_clearance_timing" name="test_normal_route_order_and_original_durations_are_bound[nonfinite]" time="0.153" /><testcase classname="test.test_bin_clearance_timing" name="test_actual_executor_changes_only_clearance_time_and_preserves_watchdog_and_order[1.0]" time="0.255" /><testcase classname="test.test_bin_clearance_timing" name="test_actual_executor_changes_only_clearance_time_and_preserves_watchdog_and_order[1.25]" time="0.268" /><testcase classname="test.test_bin_clearance_timing" name="test_actual_executor_changes_only_clearance_time_and_preserves_watchdog_and_order[3.0]" time="0.278" /><testcase classname="test.test_bin_clearance_timing" name="test_failed_clearance_never_sends_next_approach_or_advances_endpoint[motion]" time="0.291" /><testcase classname="test.test_bin_clearance_timing" name="test_failed_clearance_never_sends_next_approach_or_advances_endpoint[contact]" time="0.298" /><testcase classname="test.test_bin_clearance_timing" name="test_failed_clearance_never_sends_next_approach_or_advances_endpoint[unknown]" time="0.258" /><testcase classname="test.test_bin_clearance_timing" name="test_failed_clearance_never_sends_next_approach_or_advances_endpoint[endpoint]" time="0.257" /><testcase classname="test.test_bin_clearance_timing" name="test_context_failure_before_connector_keeps_it_unsent[cancel]" time="0.262" /><testcase classname="test.test_bin_clearance_timing" name="test_context_failure_before_connector_keeps_it_unsent[guard_replaced]" time="0.270" /><testcase classname="test.test_bin_clearance_timing" name="test_context_failure_before_connector_keeps_it_unsent[scene_replaced]" time="0.276" /><testcase classname="test.test_bin_clearance_timing" name="test_context_failure_before_connector_keeps_it_unsent[payload]" time="0.285" /><testcase classname="test.test_bin_clearance_timing" name="test_context_failure_before_connector_keeps_it_unsent[base]" time="0.253" /><testcase classname="test.test_bin_clearance_timing" name="test_context_failure_before_connector_keeps_it_unsent[right]" time="0.255" /><testcase classname="test.test_bin_clearance_timing" name="test_context_failure_before_connector_keeps_it_unsent[head]" time="0.268" /><testcase classname="test.test_bin_clearance_timing" name="test_added_endpoint_rechecks_current_feedback_and_context_after_wait[stale]" time="0.176" /><testcase classname="test.test_bin_clearance_timing" name="test_added_endpoint_rechecks_current_feedback_and_context_after_wait[future]" time="0.180" /><testcase classname="test.test_bin_clearance_timing" name="test_added_endpoint_rechecks_current_feedback_and_context_after_wait[residual]" time="0.184" /><testcase classname="test.test_bin_clearance_timing" name="test_added_endpoint_rechecks_current_feedback_and_context_after_wait[cancel]" time="0.186" /><testcase classname="test.test_bin_clearance_timing" name="test_added_endpoint_rechecks_current_feedback_and_context_after_wait[hazard]" time="0.190" /><testcase classname="test.test_bin_clearance_timing" name="test_added_endpoint_rechecks_current_feedback_and_context_after_wait[scene]" time="0.142" /><testcase classname="test.test_bin_clearance_timing" name="test_actual_sender_selected_point_is_032_and_watchdog_stays_28" time="0.093" /><testcase classname="test.test_bin_clearance_timing" name="test_velocity_floor_still_extends_only_serialized_time" time="0.099" /><testcase classname="test.test_bin_clearance_timing" name="test_either_actual_locked_admission_refuses_stale_feedback[1]" time="0.098" /><testcase classname="test.test_bin_clearance_timing" name="test_either_actual_locked_admission_refuses_stale_feedback[2]" time="0.095" /><testcase classname="test.test_bin_clearance_timing" name="test_headroom_is_required_even_when_additional_scale_is_one" time="0.103" /><testcase classname="test.test_bin_clearance_timing" name="test_exact_clearance_context_is_rechecked_at_locked_publication[guard-1]" time="0.096" /><testcase classname="test.test_bin_clearance_timing" name="test_exact_clearance_context_is_rechecked_at_locked_publication[guard-2]" time="0.097" /><testcase classname="test.test_bin_clearance_timing" name="test_exact_clearance_context_is_rechecked_at_locked_publication[scene-1]" time="0.098" /><testcase classname="test.test_bin_clearance_timing" name="test_exact_clearance_context_is_rechecked_at_locked_publication[scene-2]" time="0.098" /><testcase classname="test.test_bin_clearance_timing" name="test_exact_clearance_context_is_rechecked_at_locked_publication[target-1]" time="0.097" /><testcase classname="test.test_bin_clearance_timing" name="test_exact_clearance_context_is_rechecked_at_locked_publication[target-2]" time="0.097" /><testcase classname="test.test_bin_clearance_timing" name="test_exact_clearance_context_is_rechecked_at_locked_publication[cancel-1]" time="0.097" /><testcase classname="test.test_bin_clearance_timing" name="test_exact_clearance_context_is_rechecked_at_locked_publication[cancel-2]" time="0.098" /><testcase classname="test.test_bin_clearance_timing" name="test_actual_retained_endpoint_wait_keeps_original_bounds_and_faults[converged]" time="0.296" /><testcase classname="test.test_bin_clearance_timing" name="test_actual_retained_endpoint_wait_keeps_original_bounds_and_faults[ros_timeout]" time="0.291" /><testcase classname="test.test_bin_clearance_timing" name="test_actual_retained_endpoint_wait_keeps_original_bounds_and_faults[wall_timeout]" time="0.285" /><testcase classname="test.test_bin_clearance_timing" name="test_actual_retained_endpoint_wait_keeps_original_bounds_and_faults[cancel]" time="0.241" /><testcase classname="test.test_bin_clearance_timing" name="test_actual_retained_endpoint_wait_keeps_original_bounds_and_faults[hazard]" time="0.257" /><testcase classname="test.test_bin_clearance_timing" name="test_explicit_token_cannot_be_reused_for_recovery_or_other_phase_scope[pick-kwargs0]" time="0.270" /><testcase classname="test.test_bin_clearance_timing" name="test_explicit_token_cannot_be_reused_for_recovery_or_other_phase_scope[place-kwargs1]" time="0.282" /><testcase classname="test.test_bin_clearance_timing" name="test_explicit_token_cannot_be_reused_for_recovery_or_other_phase_scope[place-kwargs2]" time="0.293" /><testcase classname="test.test_bin_clearance_timing" name="test_explicit_token_cannot_be_reused_for_recovery_or_other_phase_scope[place-kwargs3]" time="0.301" /><testcase classname="test.test_bin_clearance_timing" name="test_explicit_token_cannot_be_reused_for_recovery_or_other_phase_scope[place-kwargs4]" time="0.244" /><testcase classname="test.test_bin_clearance_timing" name="test_default_executor_matches_exact_parent_goal_check_and_index_sequence" time="0.615" /><testcase classname="test.test_bin_clearance_timing" name="test_default_node_inverse_restores_exact_parent_and_recovery_methods" time="0.345" /><testcase classname="test.test_bin_clearance_timing" name="test_new_flag_alone_loads_actual_urdf_velocity_limits_once" time="0.119" /><testcase classname="test.test_bin_clearance_timing" name="test_actual_normal_place_call_site_keeps_endpoint_and_abort_only_recovery[none]" time="0.386" /><testcase classname="test.test_bin_clearance_timing" name="test_actual_normal_place_call_site_keeps_endpoint_and_abort_only_recovery[motion]" time="0.382" /><testcase classname="test.test_bin_clearance_timing" name="test_actual_normal_place_call_site_keeps_endpoint_and_abort_only_recovery[contact]" time="0.339" /><testcase classname="test.test_bin_clearance_timing" name="test_actual_normal_place_call_site_keeps_endpoint_and_abort_only_recovery[endpoint]" time="0.371" /><testcase classname="test.test_bin_clearance_timing" name="test_actual_normal_place_call_site_keeps_endpoint_and_abort_only_recovery[unknown]" time="0.379" /><testcase classname="test.test_bin_clearance_timing" name="test_enabled_actual_sender_watchdog_and_late_acceptance_precede_new_endpoint[mid_hazard]" time="0.033" /><testcase classname="test.test_bin_clearance_timing" name="test_enabled_actual_sender_watchdog_and_late_acceptance_precede_new_endpoint[pending_hazard]" time="0.001" /><testcase classname="test.test_bin_clearance_timing" name="test_enabled_actual_sender_watchdog_and_late_acceptance_precede_new_endpoint[terminal_hazard]" time="0.002" /><testcase classname="test.test_bin_clearance_timing" name="test_enabled_actual_sender_watchdog_and_late_acceptance_precede_new_endpoint[terminal_cancel]" time="0.001" /><testcase classname="test.test_bin_clearance_timing" name="test_enabled_actual_sender_watchdog_and_late_acceptance_precede_new_endpoint[unknown_acceptance]" time="0.001" /><testcase classname="test.test_head_return_overlap" name="test_flag_is_strict[0]" time="0.000" /><testcase classname="test.test_head_return_overlap" name="test_flag_is_strict[1]" time="0.000" /><testcase classname="test.test_head_return_overlap" name="test_flag_is_strict[false]" time="0.001" /><testcase classname="test.test_head_return_overlap" name="test_flag_is_strict[None]" time="0.001" /><testcase classname="test.test_head_return_overlap" name="test_flag_is_strict[value4]" time="0.000" /><testcase classname="test.test_head_return_overlap" name="test_flag_is_strict[value5]" time="0.000" /><testcase classname="test.test_head_return_overlap" name="test_flag_preserves_bool[True]" time="0.000" /><testcase classname="test.test_head_return_overlap" name="test_flag_preserves_bool[False]" time="0.000" /><testcase classname="test.test_head_return_overlap" name="test_identity_rejects_uncorrelated_commands[trial_id-x]" time="0.001" /><testcase classname="test.test_head_return_overlap" name="test_identity_rejects_uncorrelated_commands[trial_id-None]" time="0.000" /><testcase classname="test.test_head_return_overlap" name="test_identity_rejects_uncorrelated_commands[head_return_id-aaaaaaaaaaaaaaaaaaaaaaaaaaaaaaa]" time="0.001" /><testcase classname="test.test_head_return_overlap" name="test_identity_rejects_uncorrelated_commands[target_model-other]" time="0.001" /><testcase classname="test.test_head_return_overlap" name="test_frozen_context_is_copy_and_accepts_stationary_fresh_state" time="0.000" /><testcase classname="test.test_head_return_overlap" name="test_context_rejects_actual_change[stamp--150000001-stale]" time="0.001" /><testcase classname="test.test_head_return_overlap" name="test_context_rejects_actual_change[stamp-50000001-stale]" time="0.001" /><testcase classname="test.test_head_return_overlap" name="test_context_rejects_actual_change[position-nan-stale]" time="0.001" /><testcase classname="test.test_head_return_overlap" name="test_context_rejects_actual_change[velocity-inf-stale]" time="0.001" /><testcase classname="test.test_head_return_overlap" name="test_context_rejects_actual_change[velocity-0.001-parked_joint_moving]" time="0.001" /><testcase classname="test.test_head_return_overlap" name="test_context_rejects_actual_change[drift-1e-05-parked_joint_drift]" time="0.001" /><testcase classname="test.test_head_return_overlap" name="test_context_rejects_actual_change[attachment-1-carry_identity_changed]" time="0.001" /><testcase classname="test.test_head_return_overlap" name="test_context_rejects_actual_change[epoch-1-carry_identity_changed]" time="0.001" /><testcase classname="test.test_head_return_overlap" name="test_context_rejects_actual_change[cancel-1-interlock]" time="0.001" /><testcase classname="test.test_head_return_overlap" name="test_context_rejects_actual_change[target-1-carry_identity_changed]" time="0.001" /><testcase classname="test.test_head_return_overlap" name="test_only_head_can_move_inside_original_sweep" time="0.001" /><testcase classname="test.test_head_return_overlap" name="test_presend_head_change_and_poststop_target_distinct" time="0.000" /><testcase classname="test.test_head_return_overlap" name="test_poststop_needs_fresh_measured_stopped_base[linear_speed-0.006]" time="0.001" /><testcase classname="test.test_head_return_overlap" name="test_poststop_needs_fresh_measured_stopped_base[angular_speed-0.009]" time="0.000" /><testcase classname="test.test_head_return_overlap" name="test_poststop_needs_fresh_measured_stopped_base[stamp_ns-0]" time="0.000" /><testcase classname="test.test_head_return_overlap" name="test_base_frozen_until_acceptance_then_can_navigate" time="0.001" /><testcase classname="test.test_head_return_overlap" name="test_actual_geometry_visits_full_grid_and_same_radius" time="0.003" /><testcase classname="test.test_head_return_overlap" name="test_geometry_rejection_before_action[body]" time="0.001" /><testcase classname="test.test_head_return_overlap" name="test_geometry_rejection_before_action[payload]" time="0.001" /><testcase classname="test.test_head_return_overlap" name="test_geometry_rejection_before_action[sweep]" time="0.001" /><testcase classname="test.test_head_return_overlap" name="test_geometry_rejection_before_action[radius]" time="0.001" /><testcase classname="test.test_head_return_overlap" name="test_geometry_rejection_before_action[limit]" time="0.001" /><testcase classname="test.test_head_return_overlap" name="test_two_results_both_required_and_nav_waits_acceptance[True]" time="0.000" /><testcase classname="test.test_head_return_overlap" name="test_two_results_both_required_and_nav_waits_acceptance[False]" time="0.000" /><testcase classname="test.test_head_return_overlap" name="test_stale_success_cannot_complete_current_request" time="0.000" /><testcase classname="test.test_head_return_overlap" name="test_any_terminal_failure_aborts[head]" time="0.000" /><testcase classname="test.test_head_return_overlap" name="test_any_terminal_failure_aborts[nav]" time="0.001" /><testcase classname="test.test_head_return_overlap" name="test_any_terminal_failure_aborts[timeout]" time="0.000" /><testcase classname="test.test_head_return_overlap" name="test_poststop_preserves_ordinary_hold_and_clears_owner" time="0.000" /><testcase classname="test.test_head_return_overlap" name="test_poststop_never_skips_admission[identity]" time="0.000" /><testcase classname="test.test_head_return_overlap" name="test_poststop_never_skips_admission[goal]" time="0.000" /><testcase classname="test.test_head_return_overlap" name="test_poststop_never_skips_admission[pending]" time="0.000" /><testcase classname="test.test_head_return_overlap" name="test_poststop_never_skips_admission[movingbase]" time="0.001" /><testcase classname="test.test_head_return_overlap" name="test_poststop_never_skips_admission[headposition]" time="0.000" /><testcase classname="test.test_head_return_overlap" name="test_poststop_never_skips_admission[carrydrift]" time="0.000" /><testcase classname="test.test_head_return_overlap" name="test_fresh_camera_epoch_clears_history" time="0.000" /><testcase classname="test.test_head_return_overlap" name="test_actual_bin_dispatch_rejects_queued_preboundary_pairs[-1--1-False]" time="0.040" /><testcase classname="test.test_head_return_overlap" name="test_actual_bin_dispatch_rejects_queued_preboundary_pairs[-1-1-False]" time="0.012" /><testcase classname="test.test_head_return_overlap" name="test_actual_bin_dispatch_rejects_queued_preboundary_pairs[1--1-False]" time="0.012" /><testcase classname="test.test_head_return_overlap" name="test_actual_bin_dispatch_rejects_queued_preboundary_pairs[0-1-False]" time="0.012" /><testcase classname="test.test_head_return_overlap" name="test_actual_bin_dispatch_rejects_queued_preboundary_pairs[1-0-False]" time="0.012" /><testcase classname="test.test_head_return_overlap" name="test_actual_bin_dispatch_rejects_queued_preboundary_pairs[1-1-True]" time="0.012" /><testcase classname="test.test_head_return_overlap" name="test_no_epoch_preserves_original_bin_selection" time="0.013" /><testcase classname="test.test_head_return_overlap" name="test_epoch_rejects_old_future_or_wrong_type[True]" time="0.000" /><testcase classname="test.test_head_return_overlap" name="test_epoch_rejects_old_future_or_wrong_type[1.0]" time="0.000" /><testcase classname="test.test_head_return_overlap" name="test_epoch_rejects_old_future_or_wrong_type[0]" time="0.000" /><testcase classname="test.test_head_return_overlap" name="test_epoch_rejects_old_future_or_wrong_type[-1]" time="0.000" /><testcase classname="test.test_head_return_overlap" name="test_epoch_rejects_old_future_or_wrong_type[1]" time="0.000" /><testcase classname="test.test_head_return_overlap" name="test_epoch_rejects_old_future_or_wrong_type[1051000000]" time="0.000" /><testcase classname="test.test_head_return_overlap" name="test_epoch_only_after_dual_stop_boundary" time="0.000" /><testcase classname="test.test_head_return_overlap" name="test_action_success_requires_actual_new_goal_then_fresh_measured_sample" time="0.001" /><testcase classname="test.test_head_return_overlap" name="test_unknown_acceptance_retains_token_and_registers_late_cancellation" time="0.003" /><testcase classname="test.test_head_return_overlap" name="test_rejected_goal_removes_pending_but_never_publishes_acceptance" time="0.001" /><testcase classname="test.test_head_return_overlap" name="test_unconfirmed_cancellation_keeps_handle_interlock" time="0.010" /><testcase classname="test.test_head_return_overlap" name="test_nonzero_controller_error_is_failure_despite_terminal_success" time="0.001" /><testcase classname="test.test_head_return_overlap" name="test_monitor_latches_context_hazard_once" time="0.000" /><testcase classname="test.test_head_return_overlap" name="test_original_motion_functions_unchanged_in_overlay" time="0.476" /><testcase classname="test.test_loaded_place_speed_cap" name="test_actual_loaded_dispatch_caps_without_increasing_or_mutating[3.0-None-3.0]" time="0.093" /><testcase classname="test.test_loaded_place_speed_cap" name="test_actual_loaded_dispatch_caps_without_increasing_or_mutating[3.0-3.0-3.0]" time="0.095" /><testcase classname="test.test_loaded_place_speed_cap" name="test_actual_loaded_dispatch_caps_without_increasing_or_mutating[3.0-1.25-1.25]" time="0.096" /><testcase classname="test.test_loaded_place_speed_cap" name="test_actual_loaded_dispatch_caps_without_increasing_or_mutating[2.0-1.25-1.25]" time="0.095" /><testcase classname="test.test_loaded_place_speed_cap" name="test_actual_loaded_dispatch_caps_without_increasing_or_mutating[1.1-1.25-1.1]" time="0.095" /><testcase classname="test.test_loaded_place_speed_cap" name="test_actual_loaded_dispatch_caps_without_increasing_or_mutating[1.0-1.25-1.0]" time="0.095" /><testcase classname="test.test_loaded_place_speed_cap" name="test_actual_loaded_dispatch_caps_without_increasing_or_mutating[1.25-3.0-1.25]" time="0.096" /><testcase classname="test.test_loaded_place_speed_cap" name="test_actual_loaded_dispatch_caps_without_increasing_or_mutating[2.0-1.0-1.0]" time="0.057" /><testcase classname="test.test_loaded_place_speed_cap" name="test_unselected_normal_path_stays_without_timing_override" time="0.084" /><testcase classname="test.test_loaded_place_speed_cap" name="test_actual_constructor_cap_uses_existing_bounded_validator[1.0-True]" time="0.089" /><testcase classname="test.test_loaded_place_speed_cap" name="test_actual_constructor_cap_uses_existing_bounded_validator[1.25-True]" time="0.083" /><testcase classname="test.test_loaded_place_speed_cap" name="test_actual_constructor_cap_uses_existing_bounded_validator[3.0-True]" time="0.086" /><testcase classname="test.test_loaded_place_speed_cap" name="test_actual_constructor_cap_uses_existing_bounded_validator[0.99-False]" time="0.094" /><testcase classname="test.test_loaded_place_speed_cap" name="test_actual_constructor_cap_uses_existing_bounded_validator[3.01-False]" time="0.087" /><testcase classname="test.test_loaded_place_speed_cap" name="test_actual_constructor_cap_uses_existing_bounded_validator[nan-False]" time="0.087" /><testcase classname="test.test_loaded_place_speed_cap" name="test_actual_constructor_cap_uses_existing_bounded_validator[inf-False]" time="0.088" /><testcase classname="test.test_loaded_place_speed_cap" name="test_default_cap_is_three_and_only_normal_loaded_dispatch_uses_its_copy" time="0.182" /><testcase classname="test.test_loaded_place_speed_cap" name="test_compact_and_unloaded_methods_do_not_reference_the_loaded_cap" time="0.370" /><testcase classname="test.test_optional_arm_timing" name="test_valid_scale[1.0]" time="0.000" /><testcase classname="test.test_optional_arm_timing" name="test_valid_scale[1.125]" time="0.000" /><testcase classname="test.test_optional_arm_timing" name="test_valid_scale[1.25]" time="0.000" /><testcase classname="test.test_optional_arm_timing" name="test_valid_scale[2.0]" time="0.000" /><testcase classname="test.test_optional_arm_timing" name="test_valid_scale[2.25]" time="0.000" /><testcase classname="test.test_optional_arm_timing" name="test_valid_scale[2.5]" time="0.000" /><testcase classname="test.test_optional_arm_timing" name="test_valid_scale[2.500001]" time="0.000" /><testcase classname="test.test_optional_arm_timing" name="test_valid_scale[2.75]" time="0.000" /><testcase classname="test.test_optional_arm_timing" name="test_valid_scale[3.0]" time="0.000" /><testcase classname="test.test_optional_arm_timing" name="test_bad_scale_rejected[nan]" time="0.000" /><testcase classname="test.test_optional_arm_timing" name="test_bad_scale_rejected[inf]" time="0.000" /><testcase classname="test.test_optional_arm_timing" name="test_bad_scale_rejected[-inf]" time="0.000" /><testcase classname="test.test_optional_arm_timing" name="test_bad_scale_rejected[0.0]" time="0.000" /><testcase classname="test.test_optional_arm_timing" name="test_bad_scale_rejected[0.999999]" time="0.000" /><testcase classname="test.test_optional_arm_timing" name="test_bad_scale_rejected[3.000001]" time="0.000" /><testcase classname="test.test_optional_arm_timing" name="test_bad_scale_rejected[3.0000000000000004]" time="0.000" /><testcase classname="test.test_optional_arm_timing" name="test_bad_scale_rejected[-1.0]" time="0.000" /><testcase classname="test.test_optional_arm_timing" name="test_default_exact_duration[0.35]" time="0.000" /><testcase classname="test.test_optional_arm_timing" name="test_default_exact_duration[0.65]" time="0.000" /><testcase classname="test.test_optional_arm_timing" name="test_default_exact_duration[0.8]" time="0.000" /><testcase classname="test.test_optional_arm_timing" name="test_default_exact_duration[1.6]" time="0.000" /><testcase classname="test.test_optional_arm_timing" name="test_default_exact_duration[2.8]" time="0.000" /><testcase classname="test.test_optional_arm_timing" name="test_default_exact_duration[10.513066998547497]" time="0.000" /><testcase classname="test.test_optional_arm_timing" name="test_supported_floor[0.35-0.35]" time="0.001" /><testcase classname="test.test_optional_arm_timing" name="test_supported_floor[0.4-0.35]" time="0.000" /><testcase classname="test.test_optional_arm_timing" name="test_supported_floor[0.8-0.64]" time="0.000" /><testcase classname="test.test_optional_arm_timing" name="test_supported_floor[1.6-1.28]" time="0.000" /><testcase classname="test.test_optional_arm_timing" name="test_bad_duration_floor_rejected[0-0]" time="0.000" /><testcase classname="test.test_optional_arm_timing" name="test_bad_duration_floor_rejected[-1-0]" time="0.000" /><testcase classname="test.test_optional_arm_timing" name="test_bad_duration_floor_rejected[nan-0]" time="0.000" /><testcase classname="test.test_optional_arm_timing" name="test_bad_duration_floor_rejected[inf-0]" time="0.000" /><testcase classname="test.test_optional_arm_timing" name="test_bad_duration_floor_rejected[1-nan]" time="0.000" /><testcase classname="test.test_optional_arm_timing" name="test_bad_duration_floor_rejected[1--1]" time="0.000" /><testcase classname="test.test_optional_arm_timing" name="test_bad_duration_floor_rejected[1-2]" time="0.000" /><testcase classname="test.test_optional_arm_timing" name="test_default_follow_goal_and_lifecycle[True]" time="0.008" /><testcase classname="test.test_optional_arm_timing" name="test_default_follow_goal_and_lifecycle[False]" time="0.106" /><testcase classname="test.test_optional_arm_timing" name="test_scaled_follow_keeps_original_watchdog_allowance" time="0.108" /><testcase classname="test.test_optional_arm_timing" name="test_cancel_in_pre_send_hook_still_prevents_scaled_goal[False]" time="0.110" /><testcase classname="test.test_optional_arm_timing" name="test_cancel_in_pre_send_hook_still_prevents_scaled_goal[True]" time="0.110" /><testcase classname="test.test_optional_arm_timing" name="test_latched_hazard_prevents_scaled_goal" time="0.111" /><testcase classname="test.test_optional_arm_timing" name="test_invalid_override_does_not_send[0.0]" time="0.110" /><testcase classname="test.test_optional_arm_timing" name="test_invalid_override_does_not_send[0.9]" time="0.109" /><testcase classname="test.test_optional_arm_timing" name="test_invalid_override_does_not_send[nan]" time="0.111" /><testcase classname="test.test_optional_arm_timing" name="test_invalid_override_does_not_send[inf]" time="0.100" /><testcase classname="test.test_optional_arm_timing" name="test_invalid_override_does_not_send[3.0]" time="0.097" /><testcase classname="test.test_optional_arm_timing" name="test_override_cannot_change_head_or_torso_controller" time="0.097" /><testcase classname="test.test_optional_arm_timing" name="test_retained_goal_scales_command_not_q_watchdog_or_probes[1.0]" time="0.144" /><testcase classname="test.test_optional_arm_timing" name="test_retained_goal_scales_command_not_q_watchdog_or_probes[1.25]" time="0.173" /><testcase classname="test.test_optional_arm_timing" name="test_retained_goal_scales_command_not_q_watchdog_or_probes[2.0]" time="0.175" /><testcase classname="test.test_optional_arm_timing" name="test_retained_goal_scales_command_not_q_watchdog_or_probes[2.5]" time="0.186" /><testcase classname="test.test_optional_arm_timing" name="test_retained_contact_failure_stops_before_next_point" time="0.183" /><testcase classname="test.test_optional_arm_timing" name="test_uncertain_retained_stop_still_propagates" time="0.187" /><testcase classname="test.test_optional_arm_timing" name="test_return_scales_only_arm_and_forwards_all_exact_points" time="0.095" /><testcase classname="test.test_optional_arm_timing" name="test_unloaded_endpoint_waits_and_torso_duration_are_unchanged" time="0.094" /><testcase classname="test.test_optional_arm_timing" name="test_default_declared_and_actual_constructor_validation_wiring" time="0.208" /><testcase classname="test.test_optional_arm_timing" name="test_actual_place_timing_requires_registered_bin_table_path[True-True-direct0-True]" time="0.104" /><testcase classname="test.test_optional_arm_timing" name="test_actual_place_timing_requires_registered_bin_table_path[False-True-direct1-False]" time="0.103" /><testcase classname="test.test_optional_arm_timing" name="test_actual_place_timing_requires_registered_bin_table_path[True-False-direct2-False]" time="0.102" /><testcase classname="test.test_optional_arm_timing" name="test_actual_place_timing_requires_registered_bin_table_path[True-True-None-False]" time="0.106" /><testcase classname="test.test_optional_arm_timing" name="test_actual_compact_scaling_block_excludes_extension_roll_and_keeps_phase_clock" time="0.108" /><testcase classname="test.test_optional_arm_timing" name="test_geometry_recovery_shelf_and_gripper_method_asts_unchanged" time="0.296" /><testcase classname="test.test_place_transition_stop" name="test_distinct_joint_and_odom_span_uses_original_collectors" time="0.001" /><testcase classname="test.test_place_transition_stop" name="test_insufficient_additional_feedback_never_publishes_and_expires_bounded[joint_duplicate]" time="0.002" /><testcase classname="test.test_place_transition_stop" name="test_insufficient_additional_feedback_never_publishes_and_expires_bounded[odom_duplicate]" time="0.002" /><testcase classname="test.test_place_transition_stop" name="test_insufficient_additional_feedback_never_publishes_and_expires_bounded[stale]" time="0.001" /><testcase classname="test.test_place_transition_stop" name="test_insufficient_additional_feedback_never_publishes_and_expires_bounded[no_samples]" time="0.001" /><testcase classname="test.test_place_transition_stop" name="test_insufficient_additional_feedback_never_publishes_and_expires_bounded[moving_arm]" time="0.002" /><testcase classname="test.test_place_transition_stop" name="test_insufficient_additional_feedback_never_publishes_and_expires_bounded[moving_master]" time="0.002" /><testcase classname="test.test_place_transition_stop" name="test_invalid_or_original_negative_evidence_is_fatal_during_wait[joint_reversed]" time="0.001" /><testcase classname="test.test_place_transition_stop" name="test_invalid_or_original_negative_evidence_is_fatal_during_wait[odom_reversed]" time="0.001" /><testcase classname="test.test_place_transition_stop" name="test_invalid_or_original_negative_evidence_is_fatal_during_wait[joint_nan]" time="0.001" /><testcase classname="test.test_place_transition_stop" name="test_invalid_or_original_negative_evidence_is_fatal_during_wait[odom_nan]" time="0.001" /><testcase classname="test.test_place_transition_stop" name="test_invalid_or_original_negative_evidence_is_fatal_during_wait[moving_base]" time="0.001" /><testcase classname="test.test_place_transition_stop" name="test_invalid_or_original_negative_evidence_is_fatal_during_wait[moving_yaw]" time="0.001" /><testcase classname="test.test_place_transition_stop" name="test_invalid_or_original_negative_evidence_is_fatal_during_wait[future]" time="0.001" /><testcase classname="test.test_place_transition_stop" name="test_initial_arm_residual_can_settle_but_cannot_erase_an_original_fault" time="0.001" /><testcase classname="test.test_place_transition_stop" name="test_every_existing_fault_or_owner_change_blocks_qualification_without_dispatch[cancel]" time="0.001" /><testcase classname="test.test_place_transition_stop" name="test_every_existing_fault_or_owner_change_blocks_qualification_without_dispatch[payload]" time="0.001" /><testcase classname="test.test_place_transition_stop" name="test_every_existing_fault_or_owner_change_blocks_qualification_without_dispatch[contact]" time="0.001" /><testcase classname="test.test_place_transition_stop" name="test_every_existing_fault_or_owner_change_blocks_qualification_without_dispatch[pinch]" time="0.001" /><testcase classname="test.test_place_transition_stop" name="test_every_existing_fault_or_owner_change_blocks_qualification_without_dispatch[scene]" time="0.001" /><testcase classname="test.test_place_transition_stop" name="test_every_existing_fault_or_owner_change_blocks_qualification_without_dispatch[active]" time="0.001" /><testcase classname="test.test_place_transition_stop" name="test_every_existing_fault_or_owner_change_blocks_qualification_without_dispatch[pending]" time="0.001" /><testcase classname="test.test_place_transition_stop" name="test_every_existing_fault_or_owner_change_blocks_qualification_without_dispatch[identity]" time="0.001" /><testcase classname="test.test_place_transition_stop" name="test_every_existing_fault_or_owner_change_blocks_qualification_without_dispatch[owner]" time="0.001" /><testcase classname="test.test_place_transition_stop" name="test_fresh_final_locked_publication_rechecks_newest_unpaired_feedback[new_moving_joint]" time="0.001" /><testcase classname="test.test_place_transition_stop" name="test_fresh_final_locked_publication_rechecks_newest_unpaired_feedback[new_moving_odom]" time="0.001" /><testcase classname="test.test_place_transition_stop" name="test_fresh_final_locked_publication_rechecks_newest_unpaired_feedback[invalid_joint_stamp]" time="0.001" /><testcase classname="test.test_place_transition_stop" name="test_fresh_final_locked_publication_rechecks_newest_unpaired_feedback[invalid_odom_stamp]" time="0.001" /><testcase classname="test.test_place_transition_stop" name="test_fresh_final_locked_publication_rechecks_newest_unpaired_feedback[reversed_odom]" time="0.001" /><testcase classname="test.test_place_transition_stop" name="test_fresh_final_locked_publication_rechecks_newest_unpaired_feedback[stale]" time="0.001" /><testcase classname="test.test_place_transition_stop" name="test_fresh_final_locked_publication_rechecks_newest_unpaired_feedback[cancel]" time="0.001" /><testcase classname="test.test_place_transition_stop" name="test_fresh_final_locked_publication_rechecks_newest_unpaired_feedback[epoch]" time="0.001" /><testcase classname="test.test_place_transition_stop" name="test_fresh_final_locked_publication_rechecks_newest_unpaired_feedback[goal]" time="0.001" /><testcase classname="test.test_place_transition_stop" name="test_stalled_clock_expires_on_wall_bound_without_dispatch" time="0.001" /><testcase classname="test.test_place_transition_stop" name="test_actual_sender_uses_both_original_velocity_gates_and_consumes_one_token" time="0.203" /><testcase classname="test.test_place_transition_stop" name="test_actual_sender_still_cancels_an_inflight_scene_fault" time="0.155" /><testcase classname="test.test_place_transition_stop" name="test_actual_sender_prepublication_refusal_or_unknown_acceptance_preserves_ownership[cancel]" time="0.176" /><testcase classname="test.test_place_transition_stop" name="test_actual_sender_prepublication_refusal_or_unknown_acceptance_preserves_ownership[new_velocity]" time="0.179" /><testcase classname="test.test_place_transition_stop" name="test_actual_sender_prepublication_refusal_or_unknown_acceptance_preserves_ownership[client_error]" time="0.191" /><testcase classname="test.test_place_transition_stop" name="test_actual_executor_qualifies_only_after_success_and_retention_then_cleans_second_leg[False]" time="0.093" /><testcase classname="test.test_place_transition_stop" name="test_actual_executor_qualifies_only_after_success_and_retention_then_cleans_second_leg[True]" time="0.092" /><testcase classname="test.test_place_transition_stop" name="test_actual_executor_never_dispatches_second_leg_after_failed_prefix[first_action]" time="0.093" /><testcase classname="test.test_place_transition_stop" name="test_actual_executor_never_dispatches_second_leg_after_failed_prefix[first_retention]" time="0.093" /><testcase classname="test.test_place_transition_stop" name="test_actual_executor_never_dispatches_second_leg_after_failed_prefix[qualification]" time="0.093" /><testcase classname="test.test_place_transition_stop" name="test_non_boolean_option_is_refused[0]" time="0.000" /><testcase classname="test.test_place_transition_stop" name="test_non_boolean_option_is_refused[1]" time="0.000" /><testcase classname="test.test_place_transition_stop" name="test_non_boolean_option_is_refused[None]" time="0.000" /><testcase classname="test.test_place_transition_stop" name="test_non_boolean_option_is_refused[true]" time="0.000" /><testcase classname="test.test_place_transition_stop" name="test_non_boolean_option_is_refused[value4]" time="0.000" /><testcase classname="test.test_place_transition_stop" name="test_non_boolean_option_is_refused[value5]" time="0.000" /><testcase classname="test.test_place_transition_stop" name="test_disabled_options_do_not_touch_any_unneeded_route_or_node_fields" time="0.000" /><testcase classname="test.test_place_transition_stop" name="test_enabled_option_rejects_unsupported_normal_place_inputs_before_motion[cap]" time="0.001" /><testcase classname="test.test_place_transition_stop" name="test_enabled_option_rejects_unsupported_normal_place_inputs_before_motion[stock]" time="0.001" /><testcase classname="test.test_place_transition_stop" name="test_enabled_option_rejects_unsupported_normal_place_inputs_before_motion[raw]" time="0.001" /><testcase classname="test.test_place_transition_stop" name="test_enabled_option_rejects_unsupported_normal_place_inputs_before_motion[scene]" time="0.001" /><testcase classname="test.test_place_transition_stop" name="test_enabled_option_rejects_unsupported_normal_place_inputs_before_motion[phase]" time="0.001" /><testcase classname="test.test_place_transition_stop" name="test_enabled_option_rejects_unsupported_normal_place_inputs_before_motion[master]" time="0.001" /><testcase classname="test.test_place_transition_stop" name="test_actual_executor_rejects_changed_scope_before_first_goal[command]" time="0.093" /><testcase classname="test.test_place_transition_stop" name="test_actual_executor_rejects_changed_scope_before_first_goal[offset]" time="0.095" /><testcase classname="test.test_place_transition_stop" name="test_actual_executor_rejects_changed_scope_before_first_goal[speed]" time="0.095" /><testcase classname="test.test_place_transition_stop" name="test_actual_executor_rejects_changed_scope_before_first_goal[route]" time="0.096" /><testcase classname="test.test_place_transition_stop" name="test_actual_executor_rejects_changed_scope_before_first_goal[probe]" time="0.098" /><testcase classname="test.test_place_transition_stop" name="test_actual_executor_rejects_changed_scope_before_first_goal[clearance]" time="0.099" /><testcase classname="test.test_place_transition_stop" name="test_actual_executor_rejects_changed_scope_before_first_goal[withdrawal]" time="0.099" /><testcase classname="test.test_place_transition_stop" name="test_default_executor_preserves_original_calls_without_qualification" time="0.098" /><testcase classname="test.test_place_transition_stop" name="test_actual_scene_veto_keeps_reason_and_records_exact_disjunct[linear]" time="0.001" /><testcase classname="test.test_place_transition_stop" name="test_actual_scene_veto_keeps_reason_and_records_exact_disjunct[angular]" time="0.001" /><testcase classname="test.test_place_transition_stop" name="test_actual_scene_veto_keeps_reason_and_records_exact_disjunct[pose]" time="0.001" /><testcase classname="test.test_place_transition_stop" name="test_actual_scene_veto_keeps_reason_and_records_exact_disjunct[speed_nan]" time="0.001" /><testcase classname="test.test_place_transition_stop" name="test_actual_constructor_default_is_false_and_owner_unset" time="0.195" /><testcase classname="test.test_preopen_timing" name="test_locked_stock_predicate_matches_actual_existing_helpers[healthy-0.05-False]" time="0.332" /><testcase classname="test.test_preopen_timing" name="test_locked_stock_predicate_matches_actual_existing_helpers[healthy-0.05-True]" time="0.338" /><testcase classname="test.test_preopen_timing" name="test_locked_stock_predicate_matches_actual_existing_helpers[healthy-0.15-False]" time="0.332" /><testcase classname="test.test_preopen_timing" name="test_locked_stock_predicate_matches_actual_existing_helpers[healthy-0.15-True]" time="0.326" /><testcase classname="test.test_preopen_timing" name="test_locked_stock_predicate_matches_actual_existing_helpers[left_old-0.05-False]" time="0.342" /><testcase classname="test.test_preopen_timing" name="test_locked_stock_predicate_matches_actual_existing_helpers[left_old-0.05-True]" time="0.322" /><testcase classname="test.test_preopen_timing" name="test_locked_stock_predicate_matches_actual_existing_helpers[left_old-0.15-False]" time="0.316" /><testcase classname="test.test_preopen_timing" name="test_locked_stock_predicate_matches_actual_existing_helpers[left_old-0.15-True]" time="0.317" /><testcase classname="test.test_preopen_timing" name="test_locked_stock_predicate_matches_actual_existing_helpers[right_old-0.05-False]" time="0.315" /><testcase classname="test.test_preopen_timing" name="test_locked_stock_predicate_matches_actual_existing_helpers[right_old-0.05-True]" time="0.312" /><testcase classname="test.test_preopen_timing" name="test_locked_stock_predicate_matches_actual_existing_helpers[right_old-0.15-False]" time="0.313" /><testcase classname="test.test_preopen_timing" name="test_locked_stock_predicate_matches_actual_existing_helpers[right_old-0.15-True]" time="0.312" /><testcase classname="test.test_preopen_timing" name="test_locked_stock_predicate_matches_actual_existing_helpers[left_future-0.05-False]" time="0.310" /><testcase classname="test.test_preopen_timing" name="test_locked_stock_predicate_matches_actual_existing_helpers[left_future-0.05-True]" time="0.312" /><testcase classname="test.test_preopen_timing" name="test_locked_stock_predicate_matches_actual_existing_helpers[left_future-0.15-False]" time="0.307" /><testcase classname="test.test_preopen_timing" name="test_locked_stock_predicate_matches_actual_existing_helpers[left_future-0.15-True]" time="0.308" /><testcase classname="test.test_preopen_timing" name="test_locked_stock_predicate_matches_actual_existing_helpers[feedback_absent-0.05-False]" time="0.300" /><testcase classname="test.test_preopen_timing" name="test_locked_stock_predicate_matches_actual_existing_helpers[feedback_absent-0.05-True]" time="0.299" /><testcase classname="test.test_preopen_timing" name="test_locked_stock_predicate_matches_actual_existing_helpers[feedback_absent-0.15-False]" time="0.357" /><testcase classname="test.test_preopen_timing" name="test_locked_stock_predicate_matches_actual_existing_helpers[feedback_absent-0.15-True]" time="0.325" /><testcase classname="test.test_preopen_timing" name="test_locked_stock_predicate_matches_actual_existing_helpers[feedback_old-0.05-False]" time="0.324" /><testcase classname="test.test_preopen_timing" name="test_locked_stock_predicate_matches_actual_existing_helpers[feedback_old-0.05-True]" time="0.322" /><testcase classname="test.test_preopen_timing" name="test_locked_stock_predicate_matches_actual_existing_helpers[feedback_old-0.15-False]" time="0.321" /><testcase classname="test.test_preopen_timing" name="test_locked_stock_predicate_matches_actual_existing_helpers[feedback_old-0.15-True]" time="0.320" /><testcase classname="test.test_preopen_timing" name="test_locked_stock_predicate_matches_actual_existing_helpers[feedback_future-0.05-False]" time="0.318" /><testcase classname="test.test_preopen_timing" name="test_locked_stock_predicate_matches_actual_existing_helpers[feedback_future-0.05-True]" time="0.315" /><testcase classname="test.test_preopen_timing" name="test_locked_stock_predicate_matches_actual_existing_helpers[feedback_future-0.15-False]" time="0.314" /><testcase classname="test.test_preopen_timing" name="test_locked_stock_predicate_matches_actual_existing_helpers[feedback_future-0.15-True]" time="0.315" /><testcase classname="test.test_preopen_timing" name="test_locked_stock_predicate_matches_actual_existing_helpers[effort_nan-0.05-False]" time="0.312" /><testcase classname="test.test_preopen_timing" name="test_locked_stock_predicate_matches_actual_existing_helpers[effort_nan-0.05-True]" time="0.314" /><testcase classname="test.test_preopen_timing" name="test_locked_stock_predicate_matches_actual_existing_helpers[effort_nan-0.15-False]" time="0.336" /><testcase classname="test.test_preopen_timing" name="test_locked_stock_predicate_matches_actual_existing_helpers[effort_nan-0.15-True]" time="0.322" /><testcase classname="test.test_preopen_timing" name="test_locked_stock_predicate_matches_actual_existing_helpers[feedback_position_inf-0.05-False]" time="0.305" /><testcase classname="test.test_preopen_timing" name="test_locked_stock_predicate_matches_actual_existing_helpers[feedback_position_inf-0.05-True]" time="0.309" /><testcase classname="test.test_preopen_timing" name="test_locked_stock_predicate_matches_actual_existing_helpers[feedback_position_inf-0.15-False]" time="0.302" /><testcase classname="test.test_preopen_timing" name="test_locked_stock_predicate_matches_actual_existing_helpers[feedback_position_inf-0.15-True]" time="0.301" /><testcase classname="test.test_preopen_timing" name="test_locked_stock_predicate_matches_actual_existing_helpers[width_invalid-0.05-False]" time="0.296" /><testcase classname="test.test_preopen_timing" name="test_locked_stock_predicate_matches_actual_existing_helpers[width_invalid-0.05-True]" time="0.351" /><testcase classname="test.test_preopen_timing" name="test_locked_stock_predicate_matches_actual_existing_helpers[width_invalid-0.15-False]" time="0.326" /><testcase classname="test.test_preopen_timing" name="test_locked_stock_predicate_matches_actual_existing_helpers[width_invalid-0.15-True]" time="0.331" /><testcase classname="test.test_preopen_timing" name="test_locked_stock_predicate_matches_actual_existing_helpers[place_fault-0.05-False]" time="0.323" /><testcase classname="test.test_preopen_timing" name="test_locked_stock_predicate_matches_actual_existing_helpers[place_fault-0.05-True]" time="0.334" /><testcase classname="test.test_preopen_timing" name="test_locked_stock_predicate_matches_actual_existing_helpers[place_fault-0.15-False]" time="0.322" /><testcase classname="test.test_preopen_timing" name="test_locked_stock_predicate_matches_actual_existing_helpers[place_fault-0.15-True]" time="0.333" /><testcase classname="test.test_preopen_timing" name="test_locked_stock_predicate_matches_actual_existing_helpers[held_fault-0.05-False]" time="0.321" /><testcase classname="test.test_preopen_timing" name="test_locked_stock_predicate_matches_actual_existing_helpers[held_fault-0.05-True]" time="0.313" /><testcase classname="test.test_preopen_timing" name="test_locked_stock_predicate_matches_actual_existing_helpers[held_fault-0.15-False]" time="0.312" /><testcase classname="test.test_preopen_timing" name="test_locked_stock_predicate_matches_actual_existing_helpers[held_fault-0.15-True]" time="0.311" /><testcase classname="test.test_preopen_timing" name="test_locked_stock_predicate_matches_actual_existing_helpers[payload_fault-0.05-False]" time="0.310" /><testcase classname="test.test_preopen_timing" name="test_locked_stock_predicate_matches_actual_existing_helpers[payload_fault-0.05-True]" time="0.310" /><testcase classname="test.test_preopen_timing" name="test_locked_stock_predicate_matches_actual_existing_helpers[payload_fault-0.15-False]" time="0.310" /><testcase classname="test.test_preopen_timing" name="test_locked_stock_predicate_matches_actual_existing_helpers[payload_fault-0.15-True]" time="0.314" /><testcase classname="test.test_preopen_timing" name="test_locked_stock_predicate_matches_actual_existing_helpers[robot_fault-0.05-False]" time="0.307" /><testcase classname="test.test_preopen_timing" name="test_locked_stock_predicate_matches_actual_existing_helpers[robot_fault-0.05-True]" time="0.301" /><testcase classname="test.test_preopen_timing" name="test_locked_stock_predicate_matches_actual_existing_helpers[robot_fault-0.15-False]" time="0.307" /><testcase classname="test.test_preopen_timing" name="test_locked_stock_predicate_matches_actual_existing_helpers[robot_fault-0.15-True]" time="0.306" /><testcase classname="test.test_preopen_timing" name="test_real_stock_flow_with_concurrent_callback_delivery[healthy]" time="0.621" /><testcase classname="test.test_preopen_timing" name="test_real_stock_flow_with_concurrent_callback_delivery[raw_velocity]" time="2.900" /><testcase classname="test.test_preopen_timing" name="test_real_stock_flow_with_concurrent_callback_delivery[odom_velocity]" time="2.885" /><testcase classname="test.test_preopen_timing" name="test_real_stock_flow_with_concurrent_callback_delivery[cancel]" time="0.578" /><testcase classname="test.test_preopen_timing" name="test_real_stock_flow_with_concurrent_callback_delivery[epoch]" time="0.574" /><testcase classname="test.test_preopen_timing" name="test_real_stock_flow_with_concurrent_callback_delivery[scene]" time="0.563" /><testcase classname="test.test_preopen_timing" name="test_slow_ros_clock_requires_full_span_and_respects_ten_second_cap[0.0]" time="0.014" /><testcase classname="test.test_preopen_timing" name="test_slow_ros_clock_requires_full_span_and_respects_ten_second_cap[5.25]" time="0.126" /><testcase classname="test.test_preopen_timing" name="test_slow_ros_clock_requires_full_span_and_respects_ten_second_cap[9.5]" time="0.214" /><testcase classname="test.test_preopen_timing" name="test_ten_second_wall_cap_cannot_substitute_for_producer_span[no_callbacks]" time="0.056" /><testcase classname="test.test_preopen_timing" name="test_ten_second_wall_cap_cannot_substitute_for_producer_span[clock_paused]" time="0.214" /><testcase classname="test.test_preopen_timing" name="test_ten_second_wall_cap_cannot_substitute_for_producer_span[continuous_motion]" time="0.213" /><testcase classname="test.test_preopen_timing" name="test_exact_helper_inverse_rejects_undeclared_changes[missing]" time="0.001" /><testcase classname="test.test_preopen_timing" name="test_exact_helper_inverse_rejects_undeclared_changes[duplicate]" time="0.001" /><testcase classname="test.test_preopen_timing" name="test_exact_helper_inverse_rejects_undeclared_changes[unrelated]" time="0.001" /><testcase classname="test.test_preopen_timing" name="test_original_stationary_predicate_and_all_numeric_bounds_restore_exactly" time="0.006" /><testcase classname="test.test_release_only_place_planning" name="test_actual_planner_omits_only_return_work_and_keeps_open_static_endpoint" time="0.008" /><testcase classname="test.test_release_only_place_planning" name="test_actual_default_planner_keeps_complete_return_and_no_capability" time="0.007" /><testcase classname="test.test_release_only_place_planning" name="test_each_retained_geometry_stage_can_reject[torso]" time="0.007" /><testcase classname="test.test_release_only_place_planning" name="test_each_retained_geometry_stage_can_reject[setup]" time="0.007" /><testcase classname="test.test_release_only_place_planning" name="test_each_retained_geometry_stage_can_reject[cartesian]" time="0.007" /><testcase classname="test.test_release_only_place_planning" name="test_each_retained_geometry_stage_can_reject[opening]" time="0.007" /><testcase classname="test.test_release_only_place_planning" name="test_each_retained_geometry_stage_can_reject[static]" time="0.008" /><testcase classname="test.test_release_only_place_planning" name="test_changed_guard_after_successful_search_discards_plan" time="0.007" /><testcase classname="test.test_release_only_place_planning" name="test_request_invalidation_rejects_before_endpoint[cancel]" time="0.001" /><testcase classname="test.test_release_only_place_planning" name="test_request_invalidation_rejects_before_endpoint[policy]" time="0.001" /><testcase classname="test.test_release_only_place_planning" name="test_request_invalidation_rejects_before_endpoint[finish]" time="0.001" /><testcase classname="test.test_release_only_place_planning" name="test_request_invalidation_rejects_before_endpoint[delivery]" time="0.001" /><testcase classname="test.test_release_only_place_planning" name="test_request_invalidation_rejects_before_endpoint[centered]" time="0.001" /><testcase classname="test.test_release_only_place_planning" name="test_request_invalidation_rejects_before_endpoint[table_required]" time="0.001" /><testcase classname="test.test_release_only_place_planning" name="test_request_invalidation_rejects_before_endpoint[bin_required]" time="0.001" /><testcase classname="test.test_release_only_place_planning" name="test_request_invalidation_rejects_before_endpoint[clearance_timing]" time="0.001" /><testcase classname="test.test_release_only_place_planning" name="test_request_invalidation_rejects_before_endpoint[busy]" time="0.001" /><testcase classname="test.test_release_only_place_planning" name="test_request_invalidation_rejects_before_endpoint[target]" time="0.001" /><testcase classname="test.test_release_only_place_planning" name="test_request_invalidation_rejects_before_endpoint[scene_identity]" time="0.001" /><testcase classname="test.test_release_only_place_planning" name="test_request_invalidation_rejects_before_endpoint[scene_value]" time="0.001" /><testcase classname="test.test_release_only_place_planning" name="test_request_invalidation_rejects_before_endpoint[bin_identity]" time="0.001" /><testcase classname="test.test_release_only_place_planning" name="test_request_invalidation_rejects_before_endpoint[table_identity]" time="0.001" /><testcase classname="test.test_release_only_place_planning" name="test_request_invalidation_rejects_before_endpoint[guard_identity]" time="0.001" /><testcase classname="test.test_release_only_place_planning" name="test_request_invalidation_rejects_before_endpoint[guard_epoch]" time="0.001" /><testcase classname="test.test_release_only_place_planning" name="test_request_invalidation_rejects_before_endpoint[guard_fault]" time="0.001" /><testcase classname="test.test_release_only_place_planning" name="test_request_invalidation_rejects_before_endpoint[held_identity]" time="0.001" /><testcase classname="test.test_release_only_place_planning" name="test_request_invalidation_rejects_before_endpoint[held_value]" time="0.001" /><testcase classname="test.test_release_only_place_planning" name="test_request_invalidation_rejects_before_endpoint[chain]" time="0.001" /><testcase classname="test.test_release_only_place_planning" name="test_request_invalidation_rejects_before_endpoint[open_position]" time="0.001" /><testcase classname="test.test_release_only_place_planning" name="test_actual_legacy_helpers_reject_omitted_marker_before_any_actuator[_return_from_bin]" time="0.095" /><testcase classname="test.test_release_only_place_planning" name="test_actual_legacy_helpers_reject_omitted_marker_before_any_actuator[_execute_unloaded_home]" time="0.095" /><testcase classname="test.test_release_only_place_planning" name="test_actual_legacy_helpers_reject_omitted_marker_before_any_actuator[_recover_closed_place]" time="0.094" /><testcase classname="test.test_release_only_place_planning" name="test_actual_finish_prepare_accepts_only_checked_endpoint_and_retains_owner" time="0.007" /><testcase classname="test.test_release_only_place_planning" name="test_incompatible_plan_cannot_enter_finish[missing]" time="0.007" /><testcase classname="test.test_release_only_place_planning" name="test_incompatible_plan_cannot_enter_finish[wrong_goal]" time="0.007" /><testcase classname="test.test_release_only_place_planning" name="test_incompatible_plan_cannot_enter_finish[wrong_attempt]" time="0.007" /><testcase classname="test.test_release_only_place_planning" name="test_incompatible_plan_cannot_enter_finish[legacy_direct_list]" time="0.007" /><testcase classname="test.test_release_only_place_planning" name="test_incompatible_plan_cannot_enter_finish[disabled_after_plan]" time="0.007" /><testcase classname="test.test_release_only_place_planning" name="test_default_capture_is_inert_and_flag_strict" time="0.000" /><testcase classname="test.test_release_only_place_planning" name="test_actual_place_wiring_requires_capability_before_motion_and_open[None]" time="0.103" /><testcase classname="test.test_release_only_place_planning" name="test_actual_place_wiring_requires_capability_before_motion_and_open[after_plan]" time="0.097" /><testcase classname="test.test_release_only_place_planning" name="test_actual_place_wiring_requires_capability_before_motion_and_open[after_loaded_motion]" time="0.102" /><testcase classname="test.test_release_only_place_planning" name="test_existing_ast_loaders_reach_actual_omitted_return_refusal[optional]" time="0.096" /><testcase classname="test.test_release_only_place_planning" name="test_existing_ast_loaders_reach_actual_omitted_return_refusal[empty_endpoint]" time="0.103" /><testcase classname="test.test_release_only_place_planning" name="test_existing_ast_loaders_reach_actual_omitted_return_refusal[direct_return]" time="0.105" /><testcase classname="test.test_release_only_place_planning" name="test_existing_ast_loaders_reach_actual_omitted_return_refusal[raised]" time="0.105" /><testcase classname="test.test_release_only_place_planning" name="test_actual_contiguous_release_suffix_rejects_endpoint_without_owner_before_open" time="0.002" /><testcase classname="test.test_stock_close_lifecycle" name="test_real_open_stock_pick_retention_preopen_and_both_place_branches[True]" time="0.603" /><testcase classname="test.test_stock_close_lifecycle" name="test_real_open_stock_pick_retention_preopen_and_both_place_branches[False]" time="0.594" /><testcase classname="test.test_stock_close_lifecycle" name="test_exact_r55_publisher_reproduces_stale_open_failure" time="0.565" /><testcase classname="test.test_stock_close_lifecycle" name="test_failed_stock_close_never_installs_retained_state[publish]" time="0.338" /><testcase classname="test.test_stock_close_lifecycle" name="test_failed_stock_close_never_installs_retained_state[wait]" time="0.336" /><testcase classname="test.test_stock_close_lifecycle" name="test_failed_stock_close_never_installs_retained_state[contact]" time="0.575" /><testcase classname="test.test_stock_close_lifecycle" name="test_prepublication_rejection_does_not_erase_known_open_proof[cancel]" time="0.340" /><testcase classname="test.test_stock_close_lifecycle" name="test_prepublication_rejection_does_not_erase_known_open_proof[feedback]" time="0.331" /><testcase classname="test.test_stock_close_lifecycle" name="test_postclose_gate_fault_never_opens_or_returns[contact-True]" time="0.632" /><testcase classname="test.test_stock_close_lifecycle" name="test_postclose_gate_fault_never_opens_or_returns[contact-False]" time="0.575" /><testcase classname="test.test_stock_close_lifecycle" name="test_postclose_gate_fault_never_opens_or_returns[cancel-True]" time="0.575" /><testcase classname="test.test_stock_close_lifecycle" name="test_postclose_gate_fault_never_opens_or_returns[cancel-False]" time="0.596" /><testcase classname="test.test_stock_close_lifecycle" name="test_postclose_gate_fault_never_opens_or_returns[velocity-True]" time="2.837" /><testcase classname="test.test_stock_close_lifecycle" name="test_postclose_gate_fault_never_opens_or_returns[velocity-False]" time="2.782" /><testcase classname="test.test_stock_close_lifecycle" name="test_postclose_gate_fault_never_opens_or_returns[monitor-True]" time="0.569" /><testcase classname="test.test_stock_close_lifecycle" name="test_postclose_gate_fault_never_opens_or_returns[monitor-False]" time="0.565" /><testcase classname="test.test_stock_close_lifecycle" name="test_postclose_gate_fault_never_opens_or_returns[probe-True]" time="0.565" /><testcase classname="test.test_stock_close_lifecycle" name="test_postclose_gate_fault_never_opens_or_returns[probe-False]" time="0.567" /><testcase classname="test.test_stock_close_lifecycle" name="test_postclose_gate_fault_never_opens_or_returns[open-True]" time="0.562" /><testcase classname="test.test_stock_close_lifecycle" name="test_postclose_gate_fault_never_opens_or_returns[open-False]" time="0.571" /><testcase classname="test.test_stock_close_lifecycle" name="test_strict_node_inverse_rejects_extra_or_missing_changes[missing]" time="0.023" /><testcase classname="test.test_stock_close_lifecycle" name="test_strict_node_inverse_rejects_extra_or_missing_changes[duplicate]" time="0.022" /><testcase classname="test.test_stock_close_lifecycle" name="test_strict_node_inverse_rejects_extra_or_missing_changes[unrelated]" time="0.022" /><testcase classname="test.test_stock_close_lifecycle" name="test_gate_only_splits_the_same_three_hard_interlocks" time="0.001" /><testcase classname="test.test_stock_close_lifecycle" name="test_disabled_raw_collection_fails_closed_without_opening" time="2.576" /><testcase classname="test.test_withdrawal_half_timing" name="test_strict_boolean[0]" time="0.000" /><testcase classname="test.test_withdrawal_half_timing" name="test_strict_boolean[1]" time="0.000" /><testcase classname="test.test_withdrawal_half_timing" name="test_strict_boolean[None]" time="0.000" /><testcase classname="test.test_withdrawal_half_timing" name="test_strict_boolean[true]" time="0.000" /><testcase classname="test.test_withdrawal_half_timing" name="test_strict_boolean[value4]" time="0.000" /><testcase classname="test.test_withdrawal_half_timing" name="test_strict_boolean[value5]" time="0.000" /><testcase classname="test.test_withdrawal_half_timing" name="test_strict_boolean[value6]" time="0.000" /><testcase classname="test.test_withdrawal_half_timing" name="test_disabled_and_nonordinary_calls_do_not_touch_route_or_payload[False-True]" time="0.000" /><testcase classname="test.test_withdrawal_half_timing" name="test_disabled_and_nonordinary_calls_do_not_touch_route_or_payload[False-False]" time="0.000" /><testcase classname="test.test_withdrawal_half_timing" name="test_disabled_and_nonordinary_calls_do_not_touch_route_or_payload[True-False]" time="0.000" /><testcase classname="test.test_withdrawal_half_timing" name="test_disabled_and_nonordinary_calls_do_not_touch_route_or_payload[True-None]" time="0.000" /><testcase classname="test.test_withdrawal_half_timing" name="test_actual_normal_nonlift_call_does_not_evaluate_unbound_lift_plan[False]" time="0.103" /><testcase classname="test.test_withdrawal_half_timing" name="test_actual_normal_nonlift_call_does_not_evaluate_unbound_lift_plan[True]" time="0.105" /><testcase classname="test.test_withdrawal_half_timing" name="test_selected_route_is_bound_to_exact_original_plan_and_gate[duration]" time="0.318" /><testcase classname="test.test_withdrawal_half_timing" name="test_selected_route_is_bound_to_exact_original_plan_and_gate[phase]" time="0.325" /><testcase classname="test.test_withdrawal_half_timing" name="test_selected_route_is_bound_to_exact_original_plan_and_gate[point]" time="0.342" /><testcase classname="test.test_withdrawal_half_timing" name="test_selected_route_is_bound_to_exact_original_plan_and_gate[count]" time="0.341" /><testcase classname="test.test_withdrawal_half_timing" name="test_selected_route_is_bound_to_exact_original_plan_and_gate[lift]" time="0.341" /><testcase classname="test.test_withdrawal_half_timing" name="test_selected_route_is_bound_to_exact_original_plan_and_gate[gate]" time="0.265" /><testcase classname="test.test_withdrawal_half_timing" name="test_real_pressure_send_then_original_fresh_probe_permits_exactly_one_epoch" time="0.110" /><testcase classname="test.test_withdrawal_half_timing" name="test_withdrawal_needs_consumed_actual_gate_and_exact_postlift_epoch[False-False-1]" time="0.312" /><testcase classname="test.test_withdrawal_half_timing" name="test_withdrawal_needs_consumed_actual_gate_and_exact_postlift_epoch[True-False-1]" time="0.319" /><testcase classname="test.test_withdrawal_half_timing" name="test_withdrawal_needs_consumed_actual_gate_and_exact_postlift_epoch[False-True-1]" time="0.325" /><testcase classname="test.test_withdrawal_half_timing" name="test_withdrawal_needs_consumed_actual_gate_and_exact_postlift_epoch[True-True-0]" time="0.331" /><testcase classname="test.test_withdrawal_half_timing" name="test_withdrawal_needs_consumed_actual_gate_and_exact_postlift_epoch[True-True-2]" time="0.337" /><testcase classname="test.test_withdrawal_half_timing" name="test_marker_cannot_be_reused_in_recovery_or_another_execution_scope[command]" time="0.401" /><testcase classname="test.test_withdrawal_half_timing" name="test_marker_cannot_be_reused_in_recovery_or_another_execution_scope[offset]" time="0.429" /><testcase classname="test.test_withdrawal_half_timing" name="test_marker_cannot_be_reused_in_recovery_or_another_execution_scope[gate]" time="0.430" /><testcase classname="test.test_withdrawal_half_timing" name="test_marker_cannot_be_reused_in_recovery_or_another_execution_scope[arm_scale]" time="0.451" /><testcase classname="test.test_withdrawal_half_timing" name="test_marker_cannot_be_reused_in_recovery_or_another_execution_scope[withdrawal_scale]" time="0.458" /><testcase classname="test.test_withdrawal_half_timing" name="test_marker_cannot_be_reused_in_recovery_or_another_execution_scope[probe]" time="0.453" /><testcase classname="test.test_withdrawal_half_timing" name="test_marker_cannot_be_reused_in_recovery_or_another_execution_scope[clearance]" time="0.379" /><testcase classname="test.test_withdrawal_half_timing" name="test_final_locked_publication_rejects_mutation_during_either_velocity_gate[epoch-1]" time="0.315" /><testcase classname="test.test_withdrawal_half_timing" name="test_final_locked_publication_rejects_mutation_during_either_velocity_gate[epoch-2]" time="0.321" /><testcase classname="test.test_withdrawal_half_timing" name="test_final_locked_publication_rejects_mutation_during_either_velocity_gate[gate-1]" time="0.324" /><testcase classname="test.test_withdrawal_half_timing" name="test_final_locked_publication_rejects_mutation_during_either_velocity_gate[gate-2]" time="0.331" /><testcase classname="test.test_withdrawal_half_timing" name="test_final_locked_publication_rejects_mutation_during_either_velocity_gate[model-1]" time="0.338" /><testcase classname="test.test_withdrawal_half_timing" name="test_final_locked_publication_rejects_mutation_during_either_velocity_gate[model-2]" time="0.345" /><testcase classname="test.test_withdrawal_half_timing" name="test_final_locked_publication_rejects_mutation_during_either_velocity_gate[corners-1]" time="0.282" /><testcase classname="test.test_withdrawal_half_timing" name="test_final_locked_publication_rejects_mutation_during_either_velocity_gate[corners-2]" time="0.325" /><testcase classname="test.test_withdrawal_half_timing" name="test_final_locked_publication_rejects_mutation_during_either_velocity_gate[cancel-1]" time="0.337" /><testcase classname="test.test_withdrawal_half_timing" name="test_final_locked_publication_rejects_mutation_during_either_velocity_gate[cancel-2]" time="0.338" /><testcase classname="test.test_withdrawal_half_timing" name="test_final_locked_publication_rejects_mutation_during_either_velocity_gate[base-1]" time="0.336" /><testcase classname="test.test_withdrawal_half_timing" name="test_final_locked_publication_rejects_mutation_during_either_velocity_gate[base-2]" time="0.346" /><testcase classname="test.test_withdrawal_half_timing" name="test_final_locked_publication_rejects_mutation_during_either_velocity_gate[right-1]" time="0.359" /><testcase classname="test.test_withdrawal_half_timing" name="test_final_locked_publication_rejects_mutation_during_either_velocity_gate[right-2]" time="0.371" /><testcase classname="test.test_withdrawal_half_timing" name="test_final_locked_publication_rejects_mutation_during_either_velocity_gate[stale-1]" time="0.279" /><testcase classname="test.test_withdrawal_half_timing" name="test_final_locked_publication_rejects_mutation_during_either_velocity_gate[stale-2]" time="0.333" /><testcase classname="test.test_withdrawal_half_timing" name="test_real_goal_copy_half_time_and_original_watchdog_are_kept" time="0.336" /><testcase classname="test.test_withdrawal_half_timing" name="test_velocity_floor_uses_exact_eighty_percent_and_does_not_edit_path" time="0.343" /><testcase classname="test.test_withdrawal_half_timing" name="test_actual_executor_and_four_senders_keep_initial_lift_probe_order_and_watchdogs" time="0.951" /><testcase classname="test.test_withdrawal_half_timing" name="test_endpoint_failure_after_action_cannot_advance_retention_or_next_leg[endpoint]" time="0.405" /><testcase classname="test.test_withdrawal_half_timing" name="test_endpoint_failure_after_action_cannot_advance_retention_or_next_leg[hazard]" time="0.434" /><testcase classname="test.test_withdrawal_half_timing" name="test_endpoint_failure_after_action_cannot_advance_retention_or_next_leg[epoch]" time="0.440" /><testcase classname="test.test_withdrawal_half_timing" name="test_endpoint_failure_after_action_cannot_advance_retention_or_next_leg[stale]" time="0.456" /><testcase classname="test.test_withdrawal_half_timing" name="test_unknown_acceptance_keeps_original_pending_ownership[late]" time="0.350" /><testcase classname="test.test_withdrawal_half_timing" name="test_unknown_acceptance_keeps_original_pending_ownership[client_error]" time="0.351" /><testcase classname="test.test_withdrawal_half_timing" name="test_accepted_unknown_terminal_retains_handle_and_requests_cancel" time="0.291" /><testcase classname="test.test_withdrawal_half_timing" name="test_default_executor_exact_parent_messages_watchdogs_checks_and_indices" time="0.486" /><testcase classname="test.test_withdrawal_speed" name="test_allowed_range[1.0]" time="0.000" /><testcase classname="test.test_withdrawal_speed" name="test_allowed_range[1.25]" time="0.000" /><testcase classname="test.test_withdrawal_speed" name="test_allowed_range[1.5]" time="0.000" /><testcase classname="test.test_withdrawal_speed" name="test_allowed_range[2.0]" time="0.000" /><testcase classname="test.test_withdrawal_speed" name="test_allowed_range[2.25]" time="0.000" /><testcase classname="test.test_withdrawal_speed" name="test_allowed_range[2.5]" time="0.000" /><testcase classname="test.test_withdrawal_speed" name="test_allowed_range[3.0]" time="0.000" /><testcase classname="test.test_withdrawal_speed" name="test_invalid_range[0.0]" time="0.000" /><testcase classname="test.test_withdrawal_speed" name="test_invalid_range[0.999999]" time="0.000" /><testcase classname="test.test_withdrawal_speed" name="test_invalid_range[0.9999999999999999]" time="0.000" /><testcase classname="test.test_withdrawal_speed" name="test_invalid_range[3.0000000000000004]" time="0.000" /><testcase classname="test.test_withdrawal_speed" name="test_invalid_range[3.000001]" time="0.000" /><testcase classname="test.test_withdrawal_speed" name="test_invalid_range[inf]" time="0.000" /><testcase classname="test.test_withdrawal_speed" name="test_invalid_range[-inf]" time="0.000" /><testcase classname="test.test_withdrawal_speed" name="test_invalid_range[nan]" time="0.000" /><testcase classname="test.test_withdrawal_speed" name="test_invalid_range[True]" time="0.000" /><testcase classname="test.test_withdrawal_speed" name="test_invalid_range[False]" time="0.000" /><testcase classname="test.test_withdrawal_speed" name="test_invalid_range[None]" time="0.000" /><testcase classname="test.test_withdrawal_speed" name="test_invalid_range[bad]" time="0.000" /><testcase classname="test.test_withdrawal_speed" name="test_wrong_route_or_scope_fails_before_dispatch[short]" time="0.000" /><testcase classname="test.test_withdrawal_speed" name="test_wrong_route_or_scope_fails_before_dispatch[sixth_extraction]" time="0.000" /><testcase classname="test.test_withdrawal_speed" name="test_wrong_route_or_scope_fails_before_dispatch[first_duration]" time="0.000" /><testcase classname="test.test_withdrawal_speed" name="test_wrong_route_or_scope_fails_before_dispatch[first_phase]" time="0.000" /><testcase classname="test.test_withdrawal_speed" name="test_wrong_route_or_scope_fails_before_dispatch[withdrawal_duration]" time="0.000" /><testcase classname="test.test_withdrawal_speed" name="test_wrong_route_or_scope_fails_before_dispatch[withdrawal_phase]" time="0.000" /><testcase classname="test.test_withdrawal_speed" name="test_wrong_route_or_scope_fails_before_dispatch[command]" time="0.000" /><testcase classname="test.test_withdrawal_speed" name="test_wrong_route_or_scope_fails_before_dispatch[stacked]" time="0.000" /><testcase classname="test.test_withdrawal_speed" name="test_wrong_route_or_scope_fails_before_dispatch[offset]" time="0.000" /><testcase classname="test.test_withdrawal_speed" name="test_wrong_route_or_scope_fails_before_dispatch[no_pressure_gate]" time="0.000" /><testcase classname="test.test_withdrawal_speed" name="test_only_four_durations_change_and_all_q_objects_probes_watchdogs_remain[1.25]" time="0.218" /><testcase classname="test.test_withdrawal_speed" name="test_only_four_durations_change_and_all_q_objects_probes_watchdogs_remain[1.5]" time="0.219" /><testcase classname="test.test_withdrawal_speed" name="test_only_four_durations_change_and_all_q_objects_probes_watchdogs_remain[2.0]" time="0.230" /><testcase classname="test.test_withdrawal_speed" name="test_only_four_durations_change_and_all_q_objects_probes_watchdogs_remain[2.25]" time="0.233" /><testcase classname="test.test_withdrawal_speed" name="test_only_four_durations_change_and_all_q_objects_probes_watchdogs_remain[2.5]" time="0.230" /><testcase classname="test.test_withdrawal_speed" name="test_only_four_durations_change_and_all_q_objects_probes_watchdogs_remain[3.0]" time="0.235" /><testcase classname="test.test_withdrawal_speed" name="test_default_executor_matches_complete_parent_method_even_for_unrelated_phase" time="0.422" /><testcase classname="test.test_withdrawal_speed" name="test_complete_source_inverse_and_sender_and_recovery_are_exact_parent" time="0.380" /><testcase classname="test.test_withdrawal_speed" name="test_new_inverse_refuses_unlisted_changes[missing]" time="0.021" /><testcase classname="test.test_withdrawal_speed" name="test_new_inverse_refuses_unlisted_changes[duplicate]" time="0.022" /><testcase classname="test.test_withdrawal_speed" name="test_new_inverse_refuses_unlisted_changes[unrelated]" time="0.022" /><testcase classname="test.test_withdrawal_speed" name="test_each_shortened_send_uses_actual_fresh_state_with_existing_lock_and_stop[fresh_slope]" time="0.352" /><testcase classname="test.test_withdrawal_speed" name="test_each_shortened_send_uses_actual_fresh_state_with_existing_lock_and_stop[stale]" time="0.369" /><testcase classname="test.test_withdrawal_speed" name="test_each_shortened_send_uses_actual_fresh_state_with_existing_lock_and_stop[cancel]" time="0.359" /><testcase classname="test.test_withdrawal_speed" name="test_each_shortened_send_uses_actual_fresh_state_with_existing_lock_and_stop[hazard]" time="0.292" /><testcase classname="test.test_withdrawal_speed" name="test_all_four_shortened_sends_record_fresh_locked_velocity_admission" time="0.338" /><testcase classname="test.test_withdrawal_speed" name="test_new_parameter_default_and_only_pick_forwarding" time="0.157" /><testcase classname="test.test_withdrawal_speed" name="test_withdrawal_only_constructor_loads_same_urdf_limits" time="0.136" /><testcase classname="test.test_withdrawal_speed" name="test_optional_prefix_failure_aborts_before_any_closed_motion" time="0.222" /><testcase classname="test.test_withdrawal_speed" name="test_new_veto_uses_actual_mission_abort_policy_even_with_retries_and_default_preserves_exception" time="0.479" /></testsuite></testsuites>