<?xml version="1.0" encoding="utf-8"?><testsuites><testsuite name="pytest" errors="0" failures="0" skipped="0" tests="84" time="16.053" timestamp="2026-09-14T01:42:57.322361" hostname="AspireFlight-X50H"><testcase classname="test.test_installed_selected_profile" name="test_installed_profile_matches_complete_selected_override_mapping" time="0.006" /><testcase classname="test.test_installed_selected_profile" name="test_complete_old_profile_is_restored_for_historical_assertions" time="0.003" /><testcase classname="test.test_installed_selected_profile" name="test_profile_inverse_rejects_unlisted_config_changes[missing]" time="0.001" /><testcase classname="test.test_installed_selected_profile" name="test_profile_inverse_rejects_unlisted_config_changes[duplicate]" time="0.001" /><testcase classname="test.test_installed_selected_profile" name="test_profile_inverse_rejects_unlisted_config_changes[unrelated]" time="0.000" /><testcase classname="test.test_installed_selected_profile" name="test_base_config_remains_exact" time="0.000" /><testcase classname="test.test_installed_selected_profile" name="test_actual_declarations_preserve_conservative_defaults" time="0.140" /><testcase classname="test.test_launch_collision_quality_profile" name="test_real_launch_profile_expansion_and_cli_precedence[None]" time="0.134" /><testcase classname="test.test_launch_collision_quality_profile" name="test_real_launch_profile_expansion_and_cli_precedence[default]" time="0.078" /><testcase classname="test.test_launch_collision_quality_profile" name="test_real_launch_profile_expansion_and_cli_precedence[collision_quality]" time="0.095" /><testcase classname="test.test_launch_collision_quality_profile" name="test_two_required_arguments_select_all_installed_settings[1-red]" time="0.100" /><testcase classname="test.test_launch_collision_quality_profile" name="test_two_required_arguments_select_all_installed_settings[2-blue]" time="0.100" /><testcase classname="test.test_launch_collision_quality_profile" name="test_two_required_arguments_select_all_installed_settings[4-green]" time="0.100" /><testcase classname="test.test_launch_collision_quality_profile" name="test_two_required_arguments_select_all_installed_settings[5-yellow]" time="0.101" /><testcase classname="test.test_launch_collision_quality_profile" name="test_two_argument_parameters_match_explicit_selected_launch" time="0.201" /><testcase classname="test.test_launch_collision_quality_profile" name="test_explicit_base_profile_and_previous_timeout_remain_available" time="0.077" /><testcase classname="test.test_launch_collision_quality_profile" name="test_missing_installed_default_profile_fails_before_node_creation" time="0.003" /><testcase classname="test.test_launch_collision_quality_profile" name="test_unknown_profile_rejected_before_node_expansion" time="0.003" /><testcase classname="test.test_empty_head_timing" name="test_option_is_strict_bool[None]" time="0.000" /><testcase classname="test.test_empty_head_timing" name="test_option_is_strict_bool[0]" time="0.000" /><testcase classname="test.test_empty_head_timing" name="test_option_is_strict_bool[1]" time="0.000" /><testcase classname="test.test_empty_head_timing" name="test_option_is_strict_bool[true]" time="0.000" /><testcase classname="test.test_empty_head_timing" name="test_option_is_strict_bool[v4]" time="0.000" /><testcase classname="test.test_empty_head_timing" name="test_option_is_strict_bool[nan]" time="0.000" /><testcase classname="test.test_empty_head_timing" name="test_official_limit_reader_uses_actual_named_revolute_entries" time="0.002" /><testcase classname="test.test_empty_head_timing" name="test_actual_sender_original_hold_first_goal_retime_and_post_action_measurement" time="0.396" /><testcase classname="test.test_empty_head_timing" name="test_duration_is_ceiled_from_fresh_start_after_server_wait" time="0.387" /><testcase classname="test.test_empty_head_timing" name="test_actual_final_admission_after_server_wait_rejects_unsafe_start[moving]" time="0.375" /><testcase classname="test.test_empty_head_timing" name="test_actual_final_admission_after_server_wait_rejects_unsafe_start[stale]" time="0.394" /><testcase classname="test.test_empty_head_timing" name="test_actual_final_admission_after_server_wait_rejects_unsafe_start[future]" time="0.413" /><testcase classname="test.test_empty_head_timing" name="test_actual_final_admission_after_server_wait_rejects_unsafe_start[nan]" time="0.364" /><testcase classname="test.test_empty_head_timing" name="test_actual_final_admission_after_server_wait_rejects_unsafe_start[base]" time="0.403" /><testcase classname="test.test_empty_head_timing" name="test_actual_final_admission_after_server_wait_rejects_unsafe_start[pending]" time="0.369" /><testcase classname="test.test_empty_head_timing" name="test_actual_final_admission_after_server_wait_rejects_unsafe_start[held]" time="0.396" /><testcase classname="test.test_empty_head_timing" name="test_actual_final_admission_after_server_wait_rejects_unsafe_start[pick]" time="0.381" /><testcase classname="test.test_empty_head_timing" name="test_actual_final_admission_after_server_wait_rejects_unsafe_start[limits]" time="0.399" /><testcase classname="test.test_empty_head_timing" name="test_actual_final_admission_after_server_wait_rejects_unsafe_start[cancel]" time="0.376" /><testcase classname="test.test_empty_head_timing" name="test_locked_token_mutation_is_checked_before_dispatch" time="0.375" /><testcase classname="test.test_empty_head_timing" name="test_late_acceptance_is_cancelled_and_failed_owner_still_blocks" time="0.411" /><testcase classname="test.test_empty_head_timing" name="test_broken_result_accessor_still_cancels_known_handle" time="0.372" /><testcase classname="test.test_empty_head_timing" name="test_actual_sender_terminal_and_pending_failures_never_release_owner[pending_cancel]" time="0.416" /><testcase classname="test.test_empty_head_timing" name="test_actual_sender_terminal_and_pending_failures_never_release_owner[terminal_hazard]" time="0.388" /><testcase classname="test.test_empty_head_timing" name="test_actual_sender_terminal_and_pending_failures_never_release_owner[unknown_terminal]" time="0.414" /><testcase classname="test.test_empty_head_timing" name="test_actual_sender_terminal_and_pending_failures_never_release_owner[rejected]" time="0.380" /><testcase classname="test.test_empty_head_timing" name="test_larger_measured_delta_cannot_exceed_original_duration" time="0.396" /><testcase classname="test.test_empty_head_timing" name="test_controller_success_is_not_fresh_stationary_completion[moving]" time="0.391" /><testcase classname="test.test_empty_head_timing" name="test_controller_success_is_not_fresh_stationary_completion[stale]" time="0.382" /><testcase classname="test.test_empty_head_timing" name="test_controller_success_is_not_fresh_stationary_completion[regressed]" time="0.413" /><testcase classname="test.test_empty_head_timing" name="test_controller_success_is_not_fresh_stationary_completion[cancel]" time="0.361" /><testcase classname="test.test_empty_head_timing" name="test_controller_success_is_not_fresh_stationary_completion[body]" time="0.413" /><testcase classname="test.test_empty_head_timing" name="test_controller_success_is_not_fresh_stationary_completion[paused_clock]" time="0.362" /><testcase classname="test.test_empty_head_timing" name="test_original_watchdog_uses_one_point_two_not_retimed_duration" time="0.164" /><testcase classname="test.test_empty_head_timing" name="test_missing_metadata_uses_default_and_first_pick_disables_opt_in" time="0.412" /><testcase classname="test.test_empty_head_timing" name="test_actual_command_gate_preserves_failed_owner_interlock" time="0.442" /><testcase classname="test.test_empty_head_timing" name="test_actual_mission_dispatch_has_scoped_ids_and_idle_before_head[INIT_STOW-look_markers-0-True]" time="0.022" /><testcase classname="test.test_empty_head_timing" name="test_actual_mission_dispatch_has_scoped_ids_and_idle_before_head[NAVIGATE_SHELF-look_books-0-True]" time="0.037" /><testcase classname="test.test_empty_head_timing" name="test_actual_mission_dispatch_has_scoped_ids_and_idle_before_head[ALIGN_BOOK-look_book_row_1-0-True]" time="0.021" /><testcase classname="test.test_empty_head_timing" name="test_actual_mission_dispatch_has_scoped_ids_and_idle_before_head[ALIGN_BOOK-look_book_row_2-0-False]" time="0.039" /><testcase classname="test.test_empty_head_timing" name="test_actual_mission_dispatch_has_scoped_ids_and_idle_before_head[RETRY_HEAD_BOOKS-look_book_row_1-1-False]" time="0.022" /><testcase classname="test.test_empty_head_timing" name="test_actual_mission_dispatch_has_scoped_ids_and_idle_before_head[RETURN_START-look_bin-0-False]" time="0.039" /><testcase classname="test.test_empty_head_timing" name="test_actual_mission_dispatch_has_scoped_ids_and_idle_before_head[INIT_STOW-look_markers-1-False]" time="0.021" /><testcase classname="test.test_empty_head_timing" name="test_old_same_command_success_and_buffered_positive_do_not_advance_current_request" time="0.048" /><testcase classname="test.test_empty_head_timing" name="test_actual_perception_ready_rejects_each_old_or_future_pair_member[1999000000-2010000000-False]" time="0.007" /><testcase classname="test.test_empty_head_timing" name="test_actual_perception_ready_rejects_each_old_or_future_pair_member[2010000000-1999000000-False]" time="0.007" /><testcase classname="test.test_empty_head_timing" name="test_actual_perception_ready_rejects_each_old_or_future_pair_member[2010000000-2012000000-True]" time="0.006" /><testcase classname="test.test_empty_head_timing" name="test_actual_perception_ready_rejects_each_old_or_future_pair_member[2101000000-2012000000-False]" time="0.007" /><testcase classname="test.test_empty_head_timing" name="test_default_mission_does_not_add_metadata_or_idle" time="0.021" /><testcase classname="test.test_empty_head_timing" name="test_camera_mode_reset_then_exact_request_epoch_only[wrong_id]" time="0.000" /><testcase classname="test.test_empty_head_timing" name="test_camera_mode_reset_then_exact_request_epoch_only[wrong_mode]" time="0.000" /><testcase classname="test.test_empty_head_timing" name="test_camera_mode_reset_then_exact_request_epoch_only[future]" time="0.000" /><testcase classname="test.test_empty_head_timing" name="test_camera_mode_reset_then_exact_request_epoch_only[old]" time="0.000" /><testcase classname="test.test_empty_head_timing" name="test_camera_mode_reset_then_exact_request_epoch_only[reversed]" time="0.000" /><testcase classname="test.test_empty_head_timing" name="test_current_request_success_requires_valid_measured_completion[missing_stop]" time="0.038" /><testcase classname="test.test_empty_head_timing" name="test_current_request_success_requires_valid_measured_completion[producer_before_action]" time="0.021" /><testcase classname="test.test_empty_head_timing" name="test_current_request_success_requires_valid_measured_completion[producer_future]" time="0.037" /><testcase classname="test.test_empty_head_timing" name="test_current_request_success_requires_valid_measured_completion[completion_future]" time="0.021" /><testcase classname="test.test_empty_head_torso_ownership" name="test_two_explicit_owners_refuse_before_either_owner_or_sender_runs" time="0.418" /><testcase classname="test.test_empty_head_torso_ownership" name="test_foreign_head_owner_appearing_at_torso_locked_admission_refuses_send" time="0.377" /><testcase classname="test.test_empty_head_torso_ownership" name="test_foreign_torso_owner_appearing_at_head_locked_admission_refuses_send" time="0.392" /><testcase classname="test.test_empty_head_torso_ownership" name="test_torso_path_with_both_flags_keeps_exact_goal_and_action_ownership" time="0.338" /><testcase classname="test.test_empty_head_torso_ownership" name="test_head_path_with_both_flags_keeps_own_fresh_stop_and_cannot_release_torso" time="0.379" /><testcase classname="test.test_empty_head_torso_ownership" name="test_combined_sender_still_rechecks_fresh_start_after_server_wait[torso]" time="0.361" /><testcase classname="test.test_empty_head_torso_ownership" name="test_combined_sender_still_rechecks_fresh_start_after_server_wait[head]" time="0.347" /><testcase classname="test.test_empty_head_torso_ownership" name="test_both_flags_do_not_retime_unmarked_ordinary_head_call" time="0.355" /></testsuite></testsuites>